2021-09-30 08:49:36,668 [Worker-1: Loading available Gradle versions] INFO  o.e.b.c.i.u.g.PublishedGradleVersions - Gradle version information cache is out-of-date. Trying to update.
2021-09-30 08:51:41,689 [Worker-2: Importing Maven projects] INFO  o.e.m.c.i.l.LifecycleMappingFactory - Using org.eclipse.m2e.jdt.JarLifecycleMapping lifecycle mapping for MavenProject: com.algaworks.algamoney-api:algamoney-api:1.0.0-SNAPSHOT @ E:\algaworks\fullstack-angular-spring\back-and\workspace\algamoney-api\pom.xml.
2021-09-30 08:52:32,379 [Worker-2: Importing Maven projects] INFO  o.e.m.j.i.AbstractJavaProjectConfigurator - Adding source folder /algamoney-api/src/main/java
2021-09-30 08:52:32,382 [Worker-2: Importing Maven projects] INFO  o.e.m.j.i.AbstractJavaProjectConfigurator - Adding resource folder /algamoney-api/src/main/resources
2021-09-30 08:52:32,414 [Worker-2: Importing Maven projects] INFO  o.e.m.j.i.AbstractJavaProjectConfigurator - Adding resource folder /algamoney-api/src/main/resources
2021-09-30 08:52:32,448 [Worker-2: Importing Maven projects] INFO  o.e.m.j.i.AbstractJavaProjectConfigurator - Adding source folder /algamoney-api/src/test/java
2021-09-30 08:52:34,733 [Worker-2: Importing Maven projects] INFO  o.e.m.c.i.p.ProjectConfigurationManager - Imported and configured 1 project(s) in 80 sec
2021-09-30 08:52:54,679 [Worker-8: Building] INFO  o.e.m.c.i.embedder.EclipseLogger - Using 'UTF-8' encoding to copy filtered resources.
2021-09-30 08:52:54,681 [Worker-8: Building] INFO  o.e.m.c.i.embedder.EclipseLogger - Using 'UTF-8' encoding to copy filtered properties files.
2021-09-30 08:52:54,698 [Worker-8: Building] INFO  o.e.m.c.i.embedder.EclipseLogger - Copying 1 resource
2021-09-30 08:52:54,900 [Worker-8: Building] INFO  o.e.m.c.i.embedder.EclipseLogger - Copying 6 resources
2021-09-30 08:52:55,028 [Worker-8: Building] INFO  o.e.m.c.i.embedder.EclipseLogger - Using 'UTF-8' encoding to copy filtered resources.
2021-09-30 08:52:55,029 [Worker-8: Building] INFO  o.e.m.c.i.embedder.EclipseLogger - Using 'UTF-8' encoding to copy filtered properties files.
2021-09-30 08:52:55,029 [Worker-8: Building] INFO  o.e.m.c.i.embedder.EclipseLogger - skip non existing resourceDirectory E:\algaworks\fullstack-angular-spring\back-and\workspace\algamoney-api\src\test\resources
2021-12-06 10:55:07,621 [Worker-1: Loading available Gradle versions] INFO  o.e.b.c.i.u.g.PublishedGradleVersions - Gradle version information cache is up-to-date. Trying to read.
2021-12-06 10:58:29,108 [Worker-0: Building] INFO  o.e.m.c.i.embedder.EclipseLogger - Using 'UTF-8' encoding to copy filtered resources.
2021-12-06 10:58:29,180 [Worker-0: Building] INFO  o.e.m.c.i.embedder.EclipseLogger - Using 'UTF-8' encoding to copy filtered properties files.
2021-12-06 10:58:29,198 [Worker-0: Building] INFO  o.e.m.c.i.embedder.EclipseLogger - Copying 1 resource
2021-12-06 10:58:29,262 [Worker-0: Building] INFO  o.e.m.c.i.embedder.EclipseLogger - Copying 6 resources
2021-12-06 10:58:29,503 [Worker-0: Building] INFO  o.e.m.c.i.embedder.EclipseLogger - Using 'UTF-8' encoding to copy filtered resources.
2021-12-06 10:58:29,504 [Worker-0: Building] INFO  o.e.m.c.i.embedder.EclipseLogger - Using 'UTF-8' encoding to copy filtered properties files.
2021-12-06 10:58:29,504 [Worker-0: Building] INFO  o.e.m.c.i.embedder.EclipseLogger - skip non existing resourceDirectory E:\bkp-algaworks\fullstack-angular-spring\back-and\workspace\algamoney-api\src\test\resources
2021-12-06 10:58:47,536 [Worker-3: Building] INFO  o.e.m.c.i.embedder.EclipseLogger - Using 'UTF-8' encoding to copy filtered resources.
2021-12-06 10:58:47,546 [Worker-3: Building] INFO  o.e.m.c.i.embedder.EclipseLogger - Using 'UTF-8' encoding to copy filtered properties files.
2021-12-06 10:58:47,549 [Worker-3: Building] INFO  o.e.m.c.i.embedder.EclipseLogger - Copying 0 resource
2021-12-06 10:58:47,550 [Worker-3: Building] INFO  o.e.m.c.i.embedder.EclipseLogger - Copying 0 resource
2021-12-06 10:58:47,574 [Worker-3: Building] INFO  o.e.m.c.i.embedder.EclipseLogger - Using 'UTF-8' encoding to copy filtered resources.
2021-12-06 10:58:47,575 [Worker-3: Building] INFO  o.e.m.c.i.embedder.EclipseLogger - Using 'UTF-8' encoding to copy filtered properties files.
2021-12-06 10:58:47,575 [Worker-3: Building] INFO  o.e.m.c.i.embedder.EclipseLogger - skip non existing resourceDirectory E:\bkp-algaworks\fullstack-angular-spring\back-and\workspace\algamoney-api\src\test\resources
2021-12-06 11:54:30,629 [Worker-3: Loading available Gradle versions] INFO  o.e.b.c.i.u.g.PublishedGradleVersions - Gradle version information cache is up-to-date. Trying to read.
2021-12-06 14:12:47,827 [Worker-3: Loading available Gradle versions] INFO  o.e.b.c.i.u.g.PublishedGradleVersions - Gradle version information cache is up-to-date. Trying to read.
2021-12-06 15:14:52,312 [Worker-2: Loading available Gradle versions] INFO  o.e.b.c.i.u.g.PublishedGradleVersions - Gradle version information cache is up-to-date. Trying to read.
2022-01-06 09:11:46,421 [Worker-3: Loading available Gradle versions] INFO  o.e.b.c.i.u.g.PublishedGradleVersions - Gradle version information cache is out-of-date. Trying to update.
2022-01-06 09:17:21,222 [main] INFO  o.e.m2e.actions.ExecutePomAction - Creating new launch configuration
2022-01-06 09:18:09,197 [Worker-7: Launching algamoney-api] INFO  o.e.m.i.launch.MavenLaunchDelegate - E:\curso-angular-rest-spring-algaworks\projeto\back-and\algamoney-api
2022-01-06 09:18:09,202 [Worker-7: Launching algamoney-api] INFO  o.e.m.i.launch.MavenLaunchDelegate -  mvn -B clean package -Dstyle.color=always
2022-01-06 09:27:46,192 [Worker-10: Building] INFO  o.e.m.c.i.embedder.EclipseLogger - Using 'UTF-8' encoding to copy filtered resources.
2022-01-06 09:27:46,193 [Worker-10: Building] INFO  o.e.m.c.i.embedder.EclipseLogger - Using 'UTF-8' encoding to copy filtered properties files.
2022-01-06 09:27:46,208 [Worker-10: Building] INFO  o.e.m.c.i.embedder.EclipseLogger - Copying 1 resource
2022-01-06 09:27:46,684 [Worker-10: Building] INFO  o.e.m.c.i.embedder.EclipseLogger - Copying 6 resources
2022-01-06 09:27:46,805 [Worker-10: Building] INFO  o.e.m.c.i.embedder.EclipseLogger - Using 'UTF-8' encoding to copy filtered resources.
2022-01-06 09:27:46,806 [Worker-10: Building] INFO  o.e.m.c.i.embedder.EclipseLogger - Using 'UTF-8' encoding to copy filtered properties files.
2022-01-06 09:27:46,806 [Worker-10: Building] INFO  o.e.m.c.i.embedder.EclipseLogger - skip non existing resourceDirectory E:\curso-angular-rest-spring-algaworks\projeto\back-and\algamoney-api\src\test\resources
2022-01-06 09:28:34,509 [Worker-10: Building] INFO  o.e.m.c.i.embedder.EclipseLogger - Using 'UTF-8' encoding to copy filtered resources.
2022-01-06 09:28:34,510 [Worker-10: Building] INFO  o.e.m.c.i.embedder.EclipseLogger - Using 'UTF-8' encoding to copy filtered properties files.
2022-01-06 09:28:34,526 [Worker-10: Building] INFO  o.e.m.c.i.embedder.EclipseLogger - Copying 1 resource
2022-01-06 09:28:34,547 [Worker-10: Building] INFO  o.e.m.c.i.embedder.EclipseLogger - Copying 6 resources
2022-01-06 09:28:34,956 [Worker-10: Building] INFO  o.e.m.c.i.embedder.EclipseLogger - Using 'UTF-8' encoding to copy filtered resources.
2022-01-06 09:28:34,956 [Worker-10: Building] INFO  o.e.m.c.i.embedder.EclipseLogger - Using 'UTF-8' encoding to copy filtered properties files.
2022-01-06 09:28:34,957 [Worker-10: Building] INFO  o.e.m.c.i.embedder.EclipseLogger - skip non existing resourceDirectory E:\curso-angular-rest-spring-algaworks\projeto\back-and\algamoney-api\src\test\resources
2022-01-06 09:30:45,694 [main] INFO  o.e.m2e.actions.ExecutePomAction - Creating new launch configuration
2022-01-06 09:30:57,047 [Worker-12: Launching algamoney-api (1)] INFO  o.e.m.i.launch.MavenLaunchDelegate - E:\curso-angular-rest-spring-algaworks\projeto\back-and\algamoney-api
2022-01-06 09:30:57,048 [Worker-12: Launching algamoney-api (1)] INFO  o.e.m.i.launch.MavenLaunchDelegate -  mvn -B clean package -Dstyle.color=always
2022-01-06 09:32:33,265 [Worker-1: Building] INFO  o.e.m.c.i.embedder.EclipseLogger - Using 'UTF-8' encoding to copy filtered resources.
2022-01-06 09:32:33,272 [Worker-1: Building] INFO  o.e.m.c.i.embedder.EclipseLogger - Using 'UTF-8' encoding to copy filtered properties files.
2022-01-06 09:32:33,275 [Worker-1: Building] INFO  o.e.m.c.i.embedder.EclipseLogger - Copying 1 resource
2022-01-06 09:32:33,312 [Worker-1: Building] INFO  o.e.m.c.i.embedder.EclipseLogger - Copying 6 resources
2022-01-06 09:32:33,326 [Worker-1: Building] INFO  o.e.m.c.i.embedder.EclipseLogger - Using 'UTF-8' encoding to copy filtered resources.
2022-01-06 09:32:33,326 [Worker-1: Building] INFO  o.e.m.c.i.embedder.EclipseLogger - Using 'UTF-8' encoding to copy filtered properties files.
2022-01-06 09:32:33,327 [Worker-1: Building] INFO  o.e.m.c.i.embedder.EclipseLogger - skip non existing resourceDirectory E:\curso-angular-rest-spring-algaworks\projeto\back-and\algamoney-api\src\test\resources
2022-01-06 09:32:55,339 [Worker-9: Building] INFO  o.e.m.c.i.embedder.EclipseLogger - Using 'UTF-8' encoding to copy filtered resources.
2022-01-06 09:32:55,339 [Worker-9: Building] INFO  o.e.m.c.i.embedder.EclipseLogger - Using 'UTF-8' encoding to copy filtered properties files.
2022-01-06 09:32:55,450 [Worker-9: Building] INFO  o.e.m.c.i.embedder.EclipseLogger - Copying 1 resource
2022-01-06 09:32:55,638 [Worker-9: Building] INFO  o.e.m.c.i.embedder.EclipseLogger - Copying 6 resources
2022-01-06 09:32:55,712 [Worker-9: Building] INFO  o.e.m.c.i.embedder.EclipseLogger - Using 'UTF-8' encoding to copy filtered resources.
2022-01-06 09:32:55,714 [Worker-9: Building] INFO  o.e.m.c.i.embedder.EclipseLogger - Using 'UTF-8' encoding to copy filtered properties files.
2022-01-06 09:32:55,714 [Worker-9: Building] INFO  o.e.m.c.i.embedder.EclipseLogger - skip non existing resourceDirectory E:\curso-angular-rest-spring-algaworks\projeto\back-and\algamoney-api\src\test\resources
2022-01-06 09:35:49,521 [main] INFO  o.e.m2e.actions.ExecutePomAction - Creating new launch configuration
2022-01-06 09:36:03,183 [Worker-18: Launching algamoney-api (2)] INFO  o.e.m.i.launch.MavenLaunchDelegate - E:\curso-angular-rest-spring-algaworks\projeto\back-and\algamoney-api
2022-01-06 09:36:03,187 [Worker-18: Launching algamoney-api (2)] INFO  o.e.m.i.launch.MavenLaunchDelegate -  mvn -B clean package -Dstyle.color=always
2022-01-06 09:38:59,802 [Worker-19: Building] INFO  o.e.m.c.i.l.LifecycleMappingFactory - Using org.eclipse.m2e.jdt.JarLifecycleMapping lifecycle mapping for MavenProject: com.algaworks.algamoney-api:algamoney-api:1.0.0-SNAPSHOT @ E:\curso-angular-rest-spring-algaworks\projeto\back-and\algamoney-api\pom.xml.
2022-01-06 09:39:11,041 [Worker-19: Building] INFO  o.e.m.c.i.embedder.EclipseLogger - Using 'UTF-8' encoding to copy filtered resources.
2022-01-06 09:39:11,042 [Worker-19: Building] INFO  o.e.m.c.i.embedder.EclipseLogger - Using 'UTF-8' encoding to copy filtered properties files.
2022-01-06 09:39:11,050 [Worker-19: Building] INFO  o.e.m.c.i.embedder.EclipseLogger - Copying 1 resource
2022-01-06 09:39:11,544 [Worker-19: Building] INFO  o.e.m.c.i.embedder.EclipseLogger - Copying 6 resources
2022-01-06 09:39:11,556 [Worker-19: Building] INFO  o.e.m.c.i.embedder.EclipseLogger - Using 'UTF-8' encoding to copy filtered resources.
2022-01-06 09:39:11,557 [Worker-19: Building] INFO  o.e.m.c.i.embedder.EclipseLogger - Using 'UTF-8' encoding to copy filtered properties files.
2022-01-06 09:39:11,557 [Worker-19: Building] INFO  o.e.m.c.i.embedder.EclipseLogger - skip non existing resourceDirectory E:\curso-angular-rest-spring-algaworks\projeto\back-and\algamoney-api\src\test\resources
2022-01-06 09:39:29,610 [Worker-20: Building] INFO  o.e.m.c.i.embedder.EclipseLogger - Using 'UTF-8' encoding to copy filtered resources.
2022-01-06 09:39:29,613 [Worker-20: Building] INFO  o.e.m.c.i.embedder.EclipseLogger - Using 'UTF-8' encoding to copy filtered properties files.
2022-01-06 09:39:29,730 [Worker-20: Building] INFO  o.e.m.c.i.embedder.EclipseLogger - Copying 1 resource
2022-01-06 09:39:29,779 [Worker-20: Building] INFO  o.e.m.c.i.embedder.EclipseLogger - Copying 6 resources
2022-01-06 09:39:30,120 [Worker-20: Building] INFO  o.e.m.c.i.embedder.EclipseLogger - Using 'UTF-8' encoding to copy filtered resources.
2022-01-06 09:39:30,120 [Worker-20: Building] INFO  o.e.m.c.i.embedder.EclipseLogger - Using 'UTF-8' encoding to copy filtered properties files.
2022-01-06 09:39:30,121 [Worker-20: Building] INFO  o.e.m.c.i.embedder.EclipseLogger - skip non existing resourceDirectory E:\curso-angular-rest-spring-algaworks\projeto\back-and\algamoney-api\src\test\resources
2022-01-06 09:40:34,261 [main] INFO  o.e.m2e.actions.ExecutePomAction - Creating new launch configuration
2022-01-06 09:41:04,170 [Worker-18: Launching algamoney-api (3)] INFO  o.e.m.i.launch.MavenLaunchDelegate - E:\curso-angular-rest-spring-algaworks\projeto\back-and\algamoney-api
2022-01-06 09:41:04,170 [Worker-18: Launching algamoney-api (3)] INFO  o.e.m.i.launch.MavenLaunchDelegate -  mvn -B clean packagen -Dstyle.color=always
2022-01-06 10:06:26,952 [main] INFO  o.e.m2e.actions.ExecutePomAction - Creating new launch configuration
2022-01-06 10:06:41,784 [Worker-29: Launching algamoney-api (4)] INFO  o.e.m.i.launch.MavenLaunchDelegate - E:\curso-angular-rest-spring-algaworks\projeto\back-and\algamoney-api
2022-01-06 10:06:41,786 [Worker-29: Launching algamoney-api (4)] INFO  o.e.m.i.launch.MavenLaunchDelegate -  mvn -B clean package -Dstyle.color=always
2022-01-06 10:08:55,783 [Worker-22: Building] INFO  o.e.m.c.i.embedder.EclipseLogger - Using 'UTF-8' encoding to copy filtered resources.
2022-01-06 10:08:55,784 [Worker-22: Building] INFO  o.e.m.c.i.embedder.EclipseLogger - Using 'UTF-8' encoding to copy filtered properties files.
2022-01-06 10:08:55,811 [Worker-22: Building] INFO  o.e.m.c.i.embedder.EclipseLogger - Copying 1 resource
2022-01-06 10:08:59,163 [Worker-22: Building] INFO  o.e.m.c.i.embedder.EclipseLogger - Copying 6 resources
2022-01-06 10:08:59,196 [Worker-22: Building] INFO  o.e.m.c.i.embedder.EclipseLogger - Using 'UTF-8' encoding to copy filtered resources.
2022-01-06 10:08:59,198 [Worker-22: Building] INFO  o.e.m.c.i.embedder.EclipseLogger - Using 'UTF-8' encoding to copy filtered properties files.
2022-01-06 10:08:59,198 [Worker-22: Building] INFO  o.e.m.c.i.embedder.EclipseLogger - skip non existing resourceDirectory E:\curso-angular-rest-spring-algaworks\projeto\back-and\algamoney-api\src\test\resources
2022-01-06 10:45:22,601 [Worker-37: Building] INFO  o.e.m.c.i.embedder.EclipseLogger - Using 'UTF-8' encoding to copy filtered resources.
2022-01-06 10:45:22,622 [Worker-37: Building] INFO  o.e.m.c.i.embedder.EclipseLogger - Using 'UTF-8' encoding to copy filtered properties files.
2022-01-06 10:45:22,639 [Worker-37: Building] INFO  o.e.m.c.i.embedder.EclipseLogger - Copying 1 resource
2022-01-06 10:45:23,128 [Worker-37: Building] INFO  o.e.m.c.i.embedder.EclipseLogger - Copying 6 resources
2022-01-06 10:45:23,227 [Worker-37: Building] INFO  o.e.m.c.i.embedder.EclipseLogger - Using 'UTF-8' encoding to copy filtered resources.
2022-01-06 10:45:23,247 [Worker-37: Building] INFO  o.e.m.c.i.embedder.EclipseLogger - Using 'UTF-8' encoding to copy filtered properties files.
2022-01-06 10:45:23,247 [Worker-37: Building] INFO  o.e.m.c.i.embedder.EclipseLogger - skip non existing resourceDirectory E:\curso-angular-rest-spring-algaworks\projeto\back-and\algamoney-api\src\test\resources
2022-01-06 10:45:46,933 [Worker-38: Building] INFO  o.e.m.c.i.embedder.EclipseLogger - Using 'UTF-8' encoding to copy filtered resources.
2022-01-06 10:45:46,934 [Worker-38: Building] INFO  o.e.m.c.i.embedder.EclipseLogger - Using 'UTF-8' encoding to copy filtered properties files.
2022-01-06 10:45:46,936 [Worker-38: Building] INFO  o.e.m.c.i.embedder.EclipseLogger - Copying 1 resource
2022-01-06 10:45:46,962 [Worker-38: Building] INFO  o.e.m.c.i.embedder.EclipseLogger - Copying 6 resources
2022-01-06 10:45:46,978 [Worker-38: Building] INFO  o.e.m.c.i.embedder.EclipseLogger - Using 'UTF-8' encoding to copy filtered resources.
2022-01-06 10:45:46,981 [Worker-38: Building] INFO  o.e.m.c.i.embedder.EclipseLogger - Using 'UTF-8' encoding to copy filtered properties files.
2022-01-06 10:45:46,981 [Worker-38: Building] INFO  o.e.m.c.i.embedder.EclipseLogger - skip non existing resourceDirectory E:\curso-angular-rest-spring-algaworks\projeto\back-and\algamoney-api\src\test\resources
2022-01-06 10:48:24,558 [main] INFO  o.e.m2e.actions.ExecutePomAction - Creating new launch configuration
2022-01-06 10:48:38,306 [Worker-31: Launching algamoney-api (5)] INFO  o.e.m.i.launch.MavenLaunchDelegate - E:\curso-angular-rest-spring-algaworks\projeto\back-and\algamoney-api
2022-01-06 10:48:38,307 [Worker-31: Launching algamoney-api (5)] INFO  o.e.m.i.launch.MavenLaunchDelegate -  mvn -B clean package -Dstyle.color=always
2022-01-06 11:33:13,727 [Worker-30: Building] INFO  o.e.m.c.i.embedder.EclipseLogger - Using 'UTF-8' encoding to copy filtered resources.
2022-01-06 11:33:13,739 [Worker-30: Building] INFO  o.e.m.c.i.embedder.EclipseLogger - Using 'UTF-8' encoding to copy filtered properties files.
2022-01-06 11:33:13,745 [Worker-30: Building] INFO  o.e.m.c.i.embedder.EclipseLogger - Copying 1 resource
2022-01-06 11:33:13,896 [Worker-30: Building] INFO  o.e.m.c.i.embedder.EclipseLogger - Copying 6 resources
2022-01-06 11:33:13,933 [Worker-30: Building] INFO  o.e.m.c.i.embedder.EclipseLogger - Using 'UTF-8' encoding to copy filtered resources.
2022-01-06 11:33:13,933 [Worker-30: Building] INFO  o.e.m.c.i.embedder.EclipseLogger - Using 'UTF-8' encoding to copy filtered properties files.
2022-01-06 11:33:13,934 [Worker-30: Building] INFO  o.e.m.c.i.embedder.EclipseLogger - skip non existing resourceDirectory E:\curso-angular-rest-spring-algaworks\projeto\back-and\algamoney-api\src\test\resources
2022-01-06 11:33:39,857 [Worker-42: Building] INFO  o.e.m.c.i.embedder.EclipseLogger - Using 'UTF-8' encoding to copy filtered resources.
2022-01-06 11:33:39,857 [Worker-42: Building] INFO  o.e.m.c.i.embedder.EclipseLogger - Using 'UTF-8' encoding to copy filtered properties files.
2022-01-06 11:33:39,862 [Worker-42: Building] INFO  o.e.m.c.i.embedder.EclipseLogger - Copying 1 resource
2022-01-06 11:33:40,395 [Worker-42: Building] INFO  o.e.m.c.i.embedder.EclipseLogger - Copying 6 resources
2022-01-06 11:33:40,418 [Worker-42: Building] INFO  o.e.m.c.i.embedder.EclipseLogger - Using 'UTF-8' encoding to copy filtered resources.
2022-01-06 11:33:40,419 [Worker-42: Building] INFO  o.e.m.c.i.embedder.EclipseLogger - Using 'UTF-8' encoding to copy filtered properties files.
2022-01-06 11:33:40,422 [Worker-42: Building] INFO  o.e.m.c.i.embedder.EclipseLogger - skip non existing resourceDirectory E:\curso-angular-rest-spring-algaworks\projeto\back-and\algamoney-api\src\test\resources
2022-01-06 11:35:34,692 [main] INFO  o.e.m2e.actions.ExecutePomAction - Creating new launch configuration
2022-01-06 11:35:44,820 [Worker-42: Launching algamoney-api (6)] INFO  o.e.m.i.launch.MavenLaunchDelegate - E:\curso-angular-rest-spring-algaworks\projeto\back-and\algamoney-api
2022-01-06 11:35:44,821 [Worker-42: Launching algamoney-api (6)] INFO  o.e.m.i.launch.MavenLaunchDelegate -  mvn -B clean package -Dstyle.color=always
2022-01-06 11:37:01,955 [Worker-43: Building] INFO  o.e.m.c.i.embedder.EclipseLogger - Using 'UTF-8' encoding to copy filtered resources.
2022-01-06 11:37:01,955 [Worker-43: Building] INFO  o.e.m.c.i.embedder.EclipseLogger - Using 'UTF-8' encoding to copy filtered properties files.
2022-01-06 11:37:02,049 [Worker-43: Building] INFO  o.e.m.c.i.embedder.EclipseLogger - Copying 1 resource
2022-01-06 11:37:02,061 [Worker-43: Building] INFO  o.e.m.c.i.embedder.EclipseLogger - Copying 6 resources
2022-01-06 11:37:02,500 [Worker-43: Building] INFO  o.e.m.c.i.embedder.EclipseLogger - Using 'UTF-8' encoding to copy filtered resources.
2022-01-06 11:37:02,501 [Worker-43: Building] INFO  o.e.m.c.i.embedder.EclipseLogger - Using 'UTF-8' encoding to copy filtered properties files.
2022-01-06 11:37:02,502 [Worker-43: Building] INFO  o.e.m.c.i.embedder.EclipseLogger - skip non existing resourceDirectory E:\curso-angular-rest-spring-algaworks\projeto\back-and\algamoney-api\src\test\resources
2022-01-06 11:37:22,664 [Worker-46: Launching Executing clean in E__curso-angular-rest-spring-algaworks_projeto_back-and_algamoney-api] INFO  o.e.m.i.launch.MavenLaunchDelegate - E:\curso-angular-rest-spring-algaworks\projeto\back-and\algamoney-api
2022-01-06 11:37:22,665 [Worker-46: Launching Executing clean in E__curso-angular-rest-spring-algaworks_projeto_back-and_algamoney-api] INFO  o.e.m.i.launch.MavenLaunchDelegate -  mvn -B clean -Dstyle.color=always
2022-01-06 11:37:34,847 [Worker-46: Building] INFO  o.e.m.c.i.embedder.EclipseLogger - Using 'UTF-8' encoding to copy filtered resources.
2022-01-06 11:37:34,848 [Worker-46: Building] INFO  o.e.m.c.i.embedder.EclipseLogger - Using 'UTF-8' encoding to copy filtered properties files.
2022-01-06 11:37:34,851 [Worker-46: Building] INFO  o.e.m.c.i.embedder.EclipseLogger - Copying 1 resource
2022-01-06 11:37:34,860 [Worker-46: Building] INFO  o.e.m.c.i.embedder.EclipseLogger - Copying 6 resources
2022-01-06 11:37:35,031 [Worker-46: Building] INFO  o.e.m.c.i.embedder.EclipseLogger - Using 'UTF-8' encoding to copy filtered resources.
2022-01-06 11:37:35,031 [Worker-46: Building] INFO  o.e.m.c.i.embedder.EclipseLogger - Using 'UTF-8' encoding to copy filtered properties files.
2022-01-06 11:37:35,031 [Worker-46: Building] INFO  o.e.m.c.i.embedder.EclipseLogger - skip non existing resourceDirectory E:\curso-angular-rest-spring-algaworks\projeto\back-and\algamoney-api\src\test\resources
2022-01-06 11:39:29,978 [Worker-44: Launching Executing clean in E__curso-angular-rest-spring-algaworks_projeto_back-and_algamoney-api] INFO  o.e.m.i.launch.MavenLaunchDelegate - E:\curso-angular-rest-spring-algaworks\projeto\back-and\algamoney-api
2022-01-06 11:39:29,979 [Worker-44: Launching Executing clean in E__curso-angular-rest-spring-algaworks_projeto_back-and_algamoney-api] INFO  o.e.m.i.launch.MavenLaunchDelegate -  mvn -B clean -Dstyle.color=always
2022-01-06 11:39:47,144 [main] INFO  o.e.m2e.actions.ExecutePomAction - Creating new launch configuration
2022-01-06 11:39:57,774 [Worker-44: Launching algamoney-api (7)] INFO  o.e.m.i.launch.MavenLaunchDelegate - E:\curso-angular-rest-spring-algaworks\projeto\back-and\algamoney-api
2022-01-06 11:39:57,775 [Worker-44: Launching algamoney-api (7)] INFO  o.e.m.i.launch.MavenLaunchDelegate -  mvn -B clean package -Dstyle.color=always
2022-01-06 11:41:47,411 [Worker-49: Launching algamoney-api (1)] INFO  o.e.m.i.launch.MavenLaunchDelegate - E:\curso-angular-rest-spring-algaworks\projeto\back-and\algamoney-api
2022-01-06 11:41:47,412 [Worker-49: Launching algamoney-api (1)] INFO  o.e.m.i.launch.MavenLaunchDelegate -  mvn -B clean package -Dstyle.color=always
2022-01-06 13:12:18,144 [Worker-4: Loading available Gradle versions] INFO  o.e.b.c.i.u.g.PublishedGradleVersions - Gradle version information cache is up-to-date. Trying to read.
2022-01-06 13:18:00,635 [Worker-5: Building] INFO  o.e.m.c.i.embedder.EclipseLogger - Using 'UTF-8' encoding to copy filtered resources.
2022-01-06 13:18:00,636 [Worker-5: Building] INFO  o.e.m.c.i.embedder.EclipseLogger - Using 'UTF-8' encoding to copy filtered properties files.
2022-01-06 13:18:00,669 [Worker-5: Building] INFO  o.e.m.c.i.embedder.EclipseLogger - Copying 1 resource
2022-01-06 13:18:00,737 [Worker-5: Building] INFO  o.e.m.c.i.embedder.EclipseLogger - Copying 6 resources
2022-01-06 13:18:00,858 [Worker-5: Building] INFO  o.e.m.c.i.embedder.EclipseLogger - Using 'UTF-8' encoding to copy filtered resources.
2022-01-06 13:18:00,859 [Worker-5: Building] INFO  o.e.m.c.i.embedder.EclipseLogger - Using 'UTF-8' encoding to copy filtered properties files.
2022-01-06 13:18:00,859 [Worker-5: Building] INFO  o.e.m.c.i.embedder.EclipseLogger - skip non existing resourceDirectory E:\curso-angular-rest-spring-algaworks\projeto\back-and\algamoney-api\src\test\resources
2022-01-06 13:18:05,621 [Worker-5: Building] INFO  o.e.m.c.i.embedder.EclipseLogger - Using 'UTF-8' encoding to copy filtered resources.
2022-01-06 13:18:05,622 [Worker-5: Building] INFO  o.e.m.c.i.embedder.EclipseLogger - Using 'UTF-8' encoding to copy filtered properties files.
2022-01-06 13:18:05,635 [Worker-5: Building] INFO  o.e.m.c.i.embedder.EclipseLogger - Copying 1 resource
2022-01-06 13:18:05,877 [Worker-5: Building] INFO  o.e.m.c.i.embedder.EclipseLogger - Copying 0 resource
2022-01-06 13:18:05,974 [Worker-5: Building] INFO  o.e.m.c.i.embedder.EclipseLogger - Using 'UTF-8' encoding to copy filtered resources.
2022-01-06 13:18:05,975 [Worker-5: Building] INFO  o.e.m.c.i.embedder.EclipseLogger - Using 'UTF-8' encoding to copy filtered properties files.
2022-01-06 13:18:05,975 [Worker-5: Building] INFO  o.e.m.c.i.embedder.EclipseLogger - skip non existing resourceDirectory E:\curso-angular-rest-spring-algaworks\projeto\back-and\algamoney-api\src\test\resources
2022-01-06 13:20:09,687 [Worker-5: Building] INFO  o.e.m.c.i.embedder.EclipseLogger - Using 'UTF-8' encoding to copy filtered resources.
2022-01-06 13:20:09,687 [Worker-5: Building] INFO  o.e.m.c.i.embedder.EclipseLogger - Using 'UTF-8' encoding to copy filtered properties files.
2022-01-06 13:20:09,688 [Worker-5: Building] INFO  o.e.m.c.i.embedder.EclipseLogger - Copying 1 resource
2022-01-06 13:20:10,522 [Worker-5: Building] INFO  o.e.m.c.i.embedder.EclipseLogger - Copying 0 resource
2022-01-06 13:20:11,383 [Worker-5: Building] INFO  o.e.m.c.i.embedder.EclipseLogger - Using 'UTF-8' encoding to copy filtered resources.
2022-01-06 13:20:11,384 [Worker-5: Building] INFO  o.e.m.c.i.embedder.EclipseLogger - Using 'UTF-8' encoding to copy filtered properties files.
2022-01-06 13:20:11,384 [Worker-5: Building] INFO  o.e.m.c.i.embedder.EclipseLogger - skip non existing resourceDirectory E:\curso-angular-rest-spring-algaworks\projeto\back-and\algamoney-api\src\test\resources
2022-01-06 13:30:56,279 [Worker-9: Launching algamoney-api] INFO  o.e.m.i.launch.MavenLaunchDelegate - E:\curso-angular-rest-spring-algaworks\projeto\back-and\algamoney-api
2022-01-06 13:30:56,297 [Worker-9: Launching algamoney-api] INFO  o.e.m.i.launch.MavenLaunchDelegate -  mvn -B clean package -Dstyle.color=always
2022-01-06 14:09:00,478 [Worker-25: Building] INFO  o.e.m.c.i.embedder.EclipseLogger - Using 'UTF-8' encoding to copy filtered resources.
2022-01-06 14:09:00,557 [Worker-25: Building] INFO  o.e.m.c.i.embedder.EclipseLogger - Using 'UTF-8' encoding to copy filtered properties files.
2022-01-06 14:09:00,589 [Worker-25: Building] INFO  o.e.m.c.i.embedder.EclipseLogger - Copying 1 resource
2022-01-06 14:09:01,108 [Worker-25: Building] INFO  o.e.m.c.i.embedder.EclipseLogger - Copying 6 resources
2022-01-06 14:09:01,140 [Worker-25: Building] INFO  o.e.m.c.i.embedder.EclipseLogger - Using 'UTF-8' encoding to copy filtered resources.
2022-01-06 14:09:01,147 [Worker-25: Building] INFO  o.e.m.c.i.embedder.EclipseLogger - Using 'UTF-8' encoding to copy filtered properties files.
2022-01-06 14:09:01,149 [Worker-25: Building] INFO  o.e.m.c.i.embedder.EclipseLogger - skip non existing resourceDirectory E:\curso-angular-rest-spring-algaworks\projeto\back-and\algamoney-api\src\test\resources
2022-01-06 14:11:26,972 [Worker-26: Building] INFO  o.e.m.c.i.embedder.EclipseLogger - Using 'UTF-8' encoding to copy filtered resources.
2022-01-06 14:11:26,972 [Worker-26: Building] INFO  o.e.m.c.i.embedder.EclipseLogger - Using 'UTF-8' encoding to copy filtered properties files.
2022-01-06 14:11:26,976 [Worker-26: Building] INFO  o.e.m.c.i.embedder.EclipseLogger - Copying 1 resource
2022-01-06 14:11:27,005 [Worker-26: Building] INFO  o.e.m.c.i.embedder.EclipseLogger - Copying 0 resource
2022-01-06 14:11:27,019 [Worker-26: Building] INFO  o.e.m.c.i.embedder.EclipseLogger - Using 'UTF-8' encoding to copy filtered resources.
2022-01-06 14:11:27,021 [Worker-26: Building] INFO  o.e.m.c.i.embedder.EclipseLogger - Using 'UTF-8' encoding to copy filtered properties files.
2022-01-06 14:11:27,026 [Worker-26: Building] INFO  o.e.m.c.i.embedder.EclipseLogger - skip non existing resourceDirectory E:\curso-angular-rest-spring-algaworks\projeto\back-and\algamoney-api\src\test\resources
2022-01-06 14:12:00,596 [main] INFO  o.e.m2e.actions.ExecutePomAction - Creating new launch configuration
2022-01-06 14:12:37,777 [Worker-26: Launching algamoney-api (8)] INFO  o.e.m.i.launch.MavenLaunchDelegate - E:\curso-angular-rest-spring-algaworks\projeto\back-and\algamoney-api
2022-01-06 14:12:37,778 [Worker-26: Launching algamoney-api (8)] INFO  o.e.m.i.launch.MavenLaunchDelegate -  mvn -B clean package -Dstyle.color=always
2022-01-06 14:14:14,977 [main] INFO  o.e.m2e.actions.ExecutePomAction - Creating new launch configuration
2022-01-06 14:14:23,512 [Worker-25: Launching algamoney-api (9)] INFO  o.e.m.i.launch.MavenLaunchDelegate - E:\curso-angular-rest-spring-algaworks\projeto\back-and\algamoney-api
2022-01-06 14:14:23,513 [Worker-25: Launching algamoney-api (9)] INFO  o.e.m.i.launch.MavenLaunchDelegate -  mvn -B clean package -Dstyle.color=always
2022-01-06 14:16:43,671 [Worker-22: Launching Executing clean in E__curso-angular-rest-spring-algaworks_projeto_back-and_algamoney-api] INFO  o.e.m.i.launch.MavenLaunchDelegate - E:\curso-angular-rest-spring-algaworks\projeto\back-and\algamoney-api
2022-01-06 14:16:43,672 [Worker-22: Launching Executing clean in E__curso-angular-rest-spring-algaworks_projeto_back-and_algamoney-api] INFO  o.e.m.i.launch.MavenLaunchDelegate -  mvn -B clean -Dstyle.color=always
2022-01-06 14:16:56,139 [Worker-31: Building] INFO  o.e.m.c.i.embedder.EclipseLogger - Using 'UTF-8' encoding to copy filtered resources.
2022-01-06 14:16:56,141 [Worker-31: Building] INFO  o.e.m.c.i.embedder.EclipseLogger - Using 'UTF-8' encoding to copy filtered properties files.
2022-01-06 14:16:56,144 [Worker-31: Building] INFO  o.e.m.c.i.embedder.EclipseLogger - Copying 1 resource
2022-01-06 14:16:56,153 [Worker-31: Building] INFO  o.e.m.c.i.embedder.EclipseLogger - Copying 6 resources
2022-01-06 14:16:56,236 [Worker-31: Building] INFO  o.e.m.c.i.embedder.EclipseLogger - Using 'UTF-8' encoding to copy filtered resources.
2022-01-06 14:16:56,237 [Worker-31: Building] INFO  o.e.m.c.i.embedder.EclipseLogger - Using 'UTF-8' encoding to copy filtered properties files.
2022-01-06 14:16:56,239 [Worker-31: Building] INFO  o.e.m.c.i.embedder.EclipseLogger - skip non existing resourceDirectory E:\curso-angular-rest-spring-algaworks\projeto\back-and\algamoney-api\src\test\resources
2022-01-06 14:17:58,078 [Worker-31: Launching algamoney-api (9)] INFO  o.e.m.i.launch.MavenLaunchDelegate - E:\curso-angular-rest-spring-algaworks\projeto\back-and\algamoney-api
2022-01-06 14:17:58,079 [Worker-31: Launching algamoney-api (9)] INFO  o.e.m.i.launch.MavenLaunchDelegate -  mvn -B clean package -Dstyle.color=always
2022-01-06 14:18:30,212 [main] INFO  o.e.m2e.actions.ExecutePomAction - Creating new launch configuration
2022-01-06 14:20:56,261 [Worker-2: Loading available Gradle versions] INFO  o.e.b.c.i.u.g.PublishedGradleVersions - Gradle version information cache is up-to-date. Trying to read.
2022-01-06 14:22:20,992 [main] INFO  o.e.m2e.actions.ExecutePomAction - Creating new launch configuration
2022-01-06 14:22:38,623 [Worker-3: Launching algamoney-api (11)] INFO  o.e.m.i.launch.MavenLaunchDelegate - E:\curso-angular-rest-spring-algaworks\projeto\back-and\algamoney-api
2022-01-06 14:22:38,628 [Worker-3: Launching algamoney-api (11)] INFO  o.e.m.i.launch.MavenLaunchDelegate -  mvn -B clean package -Dstyle.color=always
2022-01-06 14:25:44,857 [main] INFO  o.e.m2e.actions.ExecutePomAction - Creating new launch configuration
2022-01-06 14:26:10,723 [Worker-3: Launching algamoney-api (12)] INFO  o.e.m.i.launch.MavenLaunchDelegate - E:\curso-angular-rest-spring-algaworks\projeto\back-and\algamoney-api
2022-01-06 14:26:10,723 [Worker-3: Launching algamoney-api (12)] INFO  o.e.m.i.launch.MavenLaunchDelegate -  mvn -B clean package -Dstyle.color=always
2022-01-06 14:34:18,370 [Worker-10: Building] INFO  o.e.m.c.i.embedder.EclipseLogger - Using 'UTF-8' encoding to copy filtered resources.
2022-01-06 14:34:18,371 [Worker-10: Building] INFO  o.e.m.c.i.embedder.EclipseLogger - Using 'UTF-8' encoding to copy filtered properties files.
2022-01-06 14:34:18,391 [Worker-10: Building] INFO  o.e.m.c.i.embedder.EclipseLogger - Copying 1 resource
2022-01-06 14:34:18,488 [Worker-10: Building] INFO  o.e.m.c.i.embedder.EclipseLogger - Copying 6 resources
2022-01-06 14:34:18,582 [Worker-10: Building] INFO  o.e.m.c.i.embedder.EclipseLogger - Using 'UTF-8' encoding to copy filtered resources.
2022-01-06 14:34:18,583 [Worker-10: Building] INFO  o.e.m.c.i.embedder.EclipseLogger - Using 'UTF-8' encoding to copy filtered properties files.
2022-01-06 14:34:18,583 [Worker-10: Building] INFO  o.e.m.c.i.embedder.EclipseLogger - skip non existing resourceDirectory E:\curso-angular-rest-spring-algaworks\projeto\back-and\algamoney-api\src\test\resources
2022-01-06 14:41:42,516 [Worker-2: Loading available Gradle versions] INFO  o.e.b.c.i.u.g.PublishedGradleVersions - Gradle version information cache is up-to-date. Trying to read.
2022-01-09 08:54:43,460 [Worker-3: Loading available Gradle versions] INFO  o.e.b.c.i.u.g.PublishedGradleVersions - Gradle version information cache is out-of-date. Trying to update.
2022-01-09 09:22:51,667 [Worker-0: Loading available Gradle versions] INFO  o.e.b.c.i.u.g.PublishedGradleVersions - Gradle version information cache is up-to-date. Trying to read.
2022-01-09 09:24:55,569 [Worker-0: Building] INFO  o.e.m.c.i.embedder.EclipseLogger - Using 'UTF-8' encoding to copy filtered resources.
2022-01-09 09:24:55,574 [Worker-0: Building] INFO  o.e.m.c.i.embedder.EclipseLogger - Using 'UTF-8' encoding to copy filtered properties files.
2022-01-09 09:24:55,592 [Worker-0: Building] INFO  o.e.m.c.i.embedder.EclipseLogger - Copying 1 resource
2022-01-09 09:24:55,887 [Worker-0: Building] INFO  o.e.m.c.i.embedder.EclipseLogger - Copying 6 resources
2022-01-09 09:24:56,106 [Worker-0: Building] INFO  o.e.m.c.i.embedder.EclipseLogger - Using 'UTF-8' encoding to copy filtered resources.
2022-01-09 09:24:56,106 [Worker-0: Building] INFO  o.e.m.c.i.embedder.EclipseLogger - Using 'UTF-8' encoding to copy filtered properties files.
2022-01-09 09:24:56,107 [Worker-0: Building] INFO  o.e.m.c.i.embedder.EclipseLogger - skip non existing resourceDirectory E:\curso-angular-rest-spring-algaworks\projeto\back-and\algamoney-api\src\test\resources
2022-01-09 09:25:05,979 [Worker-7: Building] INFO  o.e.m.c.i.embedder.EclipseLogger - Using 'UTF-8' encoding to copy filtered resources.
2022-01-09 09:25:05,980 [Worker-7: Building] INFO  o.e.m.c.i.embedder.EclipseLogger - Using 'UTF-8' encoding to copy filtered properties files.
2022-01-09 09:25:05,983 [Worker-7: Building] INFO  o.e.m.c.i.embedder.EclipseLogger - Copying 0 resource
2022-01-09 09:25:05,985 [Worker-7: Building] INFO  o.e.m.c.i.embedder.EclipseLogger - Copying 0 resource
2022-01-09 09:25:05,996 [Worker-7: Building] INFO  o.e.m.c.i.embedder.EclipseLogger - Using 'UTF-8' encoding to copy filtered resources.
2022-01-09 09:25:05,996 [Worker-7: Building] INFO  o.e.m.c.i.embedder.EclipseLogger - Using 'UTF-8' encoding to copy filtered properties files.
2022-01-09 09:25:05,996 [Worker-7: Building] INFO  o.e.m.c.i.embedder.EclipseLogger - skip non existing resourceDirectory E:\curso-angular-rest-spring-algaworks\projeto\back-and\algamoney-api\src\test\resources
2022-01-09 09:26:08,408 [Worker-5: Building] INFO  o.e.m.c.i.embedder.EclipseLogger - Using 'UTF-8' encoding to copy filtered resources.
2022-01-09 09:26:08,409 [Worker-5: Building] INFO  o.e.m.c.i.embedder.EclipseLogger - Using 'UTF-8' encoding to copy filtered properties files.
2022-01-09 09:26:09,150 [Worker-5: Building] INFO  o.e.m.c.i.embedder.EclipseLogger - Copying 1 resource
2022-01-09 09:26:09,260 [Worker-5: Building] INFO  o.e.m.c.i.embedder.EclipseLogger - Copying 6 resources
2022-01-09 09:26:09,840 [Worker-5: Building] INFO  o.e.m.c.i.embedder.EclipseLogger - Using 'UTF-8' encoding to copy filtered resources.
2022-01-09 09:26:09,841 [Worker-5: Building] INFO  o.e.m.c.i.embedder.EclipseLogger - Using 'UTF-8' encoding to copy filtered properties files.
2022-01-09 09:26:09,841 [Worker-5: Building] INFO  o.e.m.c.i.embedder.EclipseLogger - skip non existing resourceDirectory E:\curso-angular-rest-spring-algaworks\projeto\back-and\algamoney-api\src\test\resources
2022-01-10 08:07:22,940 [Worker-3: Loading available Gradle versions] INFO  o.e.b.c.i.u.g.PublishedGradleVersions - Gradle version information cache is up-to-date. Trying to read.
2022-01-10 08:10:06,768 [main] INFO  o.e.m2e.actions.ExecutePomAction - Creating new launch configuration
2022-01-10 08:12:19,455 [Worker-0: Launching algamoney-api (13)] INFO  o.e.m.i.launch.MavenLaunchDelegate - E:\curso-angular-rest-spring-algaworks\projeto\back-and\algamoney-api
2022-01-10 08:12:19,457 [Worker-0: Launching algamoney-api (13)] INFO  o.e.m.i.launch.MavenLaunchDelegate -  mvn -B clean pakcage -Dstyle.color=always
2022-01-10 08:13:34,854 [main] INFO  o.e.m2e.actions.ExecutePomAction - Creating new launch configuration
2022-01-10 08:13:50,657 [Worker-10: Launching algamoney-api (14)] INFO  o.e.m.i.launch.MavenLaunchDelegate - E:\curso-angular-rest-spring-algaworks\projeto\back-and\algamoney-api
2022-01-10 08:13:50,658 [Worker-10: Launching algamoney-api (14)] INFO  o.e.m.i.launch.MavenLaunchDelegate -  mvn -B clean package -Dstyle.color=always
2022-01-10 08:17:47,267 [Worker-0: Building] INFO  o.e.m.c.i.embedder.EclipseLogger - Using 'UTF-8' encoding to copy filtered resources.
2022-01-10 08:17:47,267 [Worker-0: Building] INFO  o.e.m.c.i.embedder.EclipseLogger - Using 'UTF-8' encoding to copy filtered properties files.
2022-01-10 08:17:47,286 [Worker-0: Building] INFO  o.e.m.c.i.embedder.EclipseLogger - Copying 1 resource
2022-01-10 08:17:47,378 [Worker-0: Building] INFO  o.e.m.c.i.embedder.EclipseLogger - Copying 6 resources
2022-01-10 08:17:47,394 [Worker-0: Building] INFO  o.e.m.c.i.embedder.EclipseLogger - Using 'UTF-8' encoding to copy filtered resources.
2022-01-10 08:17:47,395 [Worker-0: Building] INFO  o.e.m.c.i.embedder.EclipseLogger - Using 'UTF-8' encoding to copy filtered properties files.
2022-01-10 08:17:47,395 [Worker-0: Building] INFO  o.e.m.c.i.embedder.EclipseLogger - skip non existing resourceDirectory E:\curso-angular-rest-spring-algaworks\projeto\back-and\algamoney-api\src\test\resources
2022-01-10 08:17:51,621 [main] INFO  o.e.m2e.actions.ExecutePomAction - Creating new launch configuration
2022-01-10 08:18:00,698 [Worker-9: Launching algamoney-api (15)] INFO  o.e.m.i.launch.MavenLaunchDelegate - E:\curso-angular-rest-spring-algaworks\projeto\back-and\algamoney-api
2022-01-10 08:18:00,699 [Worker-9: Launching algamoney-api (15)] INFO  o.e.m.i.launch.MavenLaunchDelegate -  mvn -B clean package -Dstyle.color=always
2022-01-10 08:18:57,820 [main] INFO  o.e.m2e.actions.ExecutePomAction - Creating new launch configuration
2022-01-10 08:19:13,435 [Worker-12: Launching algamoney-api (16)] INFO  o.e.m.i.launch.MavenLaunchDelegate - E:\curso-angular-rest-spring-algaworks\projeto\back-and\algamoney-api
2022-01-10 08:19:13,435 [Worker-12: Launching algamoney-api (16)] INFO  o.e.m.i.launch.MavenLaunchDelegate -  mvn -B clean package -Dstyle.color=always
2022-01-10 08:19:58,494 [Worker-0: Building] INFO  o.e.m.c.i.embedder.EclipseLogger - Using 'UTF-8' encoding to copy filtered resources.
2022-01-10 08:19:58,495 [Worker-0: Building] INFO  o.e.m.c.i.embedder.EclipseLogger - Using 'UTF-8' encoding to copy filtered properties files.
2022-01-10 08:19:58,535 [Worker-0: Building] INFO  o.e.m.c.i.embedder.EclipseLogger - Copying 1 resource
2022-01-10 08:19:58,560 [Worker-0: Building] INFO  o.e.m.c.i.embedder.EclipseLogger - Copying 6 resources
2022-01-10 08:19:58,582 [Worker-0: Building] INFO  o.e.m.c.i.embedder.EclipseLogger - Using 'UTF-8' encoding to copy filtered resources.
2022-01-10 08:19:58,582 [Worker-0: Building] INFO  o.e.m.c.i.embedder.EclipseLogger - Using 'UTF-8' encoding to copy filtered properties files.
2022-01-10 08:19:58,583 [Worker-0: Building] INFO  o.e.m.c.i.embedder.EclipseLogger - skip non existing resourceDirectory E:\curso-angular-rest-spring-algaworks\projeto\back-and\algamoney-api\src\test\resources
2022-01-10 08:39:43,695 [Worker-16: Building] INFO  o.e.m.c.i.embedder.EclipseLogger - Using 'UTF-8' encoding to copy filtered resources.
2022-01-10 08:39:43,716 [Worker-16: Building] INFO  o.e.m.c.i.embedder.EclipseLogger - Using 'UTF-8' encoding to copy filtered properties files.
2022-01-10 08:39:43,740 [Worker-16: Building] INFO  o.e.m.c.i.embedder.EclipseLogger - Copying 1 resource
2022-01-10 08:39:43,918 [Worker-16: Building] INFO  o.e.m.c.i.embedder.EclipseLogger - Copying 0 resource
2022-01-10 08:39:43,936 [Worker-16: Building] INFO  o.e.m.c.i.embedder.EclipseLogger - Using 'UTF-8' encoding to copy filtered resources.
2022-01-10 08:39:43,936 [Worker-16: Building] INFO  o.e.m.c.i.embedder.EclipseLogger - Using 'UTF-8' encoding to copy filtered properties files.
2022-01-10 08:39:43,937 [Worker-16: Building] INFO  o.e.m.c.i.embedder.EclipseLogger - skip non existing resourceDirectory E:\curso-angular-rest-spring-algaworks\projeto\back-and\algamoney-api\src\test\resources
2022-01-10 08:40:13,868 [main] INFO  o.e.m2e.actions.ExecutePomAction - Creating new launch configuration
2022-01-10 08:40:23,482 [Worker-14: Launching algamoney-api (17)] INFO  o.e.m.i.launch.MavenLaunchDelegate - E:\curso-angular-rest-spring-algaworks\projeto\back-and\algamoney-api
2022-01-10 08:40:23,484 [Worker-14: Launching algamoney-api (17)] INFO  o.e.m.i.launch.MavenLaunchDelegate -  mvn -B clean package -Dstyle.color=always
2022-01-10 08:41:49,833 [main] INFO  o.e.m2e.actions.ExecutePomAction - Creating new launch configuration
2022-01-10 08:41:59,937 [Worker-10: Launching algamoney-api (18)] INFO  o.e.m.i.launch.MavenLaunchDelegate - E:\curso-angular-rest-spring-algaworks\projeto\back-and\algamoney-api
2022-01-10 08:41:59,937 [Worker-10: Launching algamoney-api (18)] INFO  o.e.m.i.launch.MavenLaunchDelegate -  mvn -B clean package -Dstyle.color=always
2022-01-10 08:42:49,213 [Worker-10: Building] INFO  o.e.m.c.i.embedder.EclipseLogger - Using 'UTF-8' encoding to copy filtered resources.
2022-01-10 08:42:49,214 [Worker-10: Building] INFO  o.e.m.c.i.embedder.EclipseLogger - Using 'UTF-8' encoding to copy filtered properties files.
2022-01-10 08:42:49,220 [Worker-10: Building] INFO  o.e.m.c.i.embedder.EclipseLogger - Copying 1 resource
2022-01-10 08:42:49,422 [Worker-10: Building] INFO  o.e.m.c.i.embedder.EclipseLogger - Copying 6 resources
2022-01-10 08:42:49,443 [Worker-10: Building] INFO  o.e.m.c.i.embedder.EclipseLogger - Using 'UTF-8' encoding to copy filtered resources.
2022-01-10 08:42:49,443 [Worker-10: Building] INFO  o.e.m.c.i.embedder.EclipseLogger - Using 'UTF-8' encoding to copy filtered properties files.
2022-01-10 08:42:49,444 [Worker-10: Building] INFO  o.e.m.c.i.embedder.EclipseLogger - skip non existing resourceDirectory E:\curso-angular-rest-spring-algaworks\projeto\back-and\algamoney-api\src\test\resources
2022-01-10 08:48:24,642 [Worker-17: Building] INFO  o.e.m.c.i.embedder.EclipseLogger - Using 'UTF-8' encoding to copy filtered resources.
2022-01-10 08:48:24,643 [Worker-17: Building] INFO  o.e.m.c.i.embedder.EclipseLogger - Using 'UTF-8' encoding to copy filtered properties files.
2022-01-10 08:48:24,646 [Worker-17: Building] INFO  o.e.m.c.i.embedder.EclipseLogger - Copying 1 resource
2022-01-10 08:48:24,843 [Worker-17: Building] INFO  o.e.m.c.i.embedder.EclipseLogger - Copying 6 resources
2022-01-10 08:48:24,892 [Worker-17: Building] INFO  o.e.m.c.i.embedder.EclipseLogger - Using 'UTF-8' encoding to copy filtered resources.
2022-01-10 08:48:24,896 [Worker-17: Building] INFO  o.e.m.c.i.embedder.EclipseLogger - Using 'UTF-8' encoding to copy filtered properties files.
2022-01-10 08:48:24,897 [Worker-17: Building] INFO  o.e.m.c.i.embedder.EclipseLogger - skip non existing resourceDirectory E:\curso-angular-rest-spring-algaworks\projeto\back-and\algamoney-api\src\test\resources
2022-01-10 08:48:48,337 [Worker-18: Building] INFO  o.e.m.c.i.embedder.EclipseLogger - Using 'UTF-8' encoding to copy filtered resources.
2022-01-10 08:48:48,337 [Worker-18: Building] INFO  o.e.m.c.i.embedder.EclipseLogger - Using 'UTF-8' encoding to copy filtered properties files.
2022-01-10 08:48:48,341 [Worker-18: Building] INFO  o.e.m.c.i.embedder.EclipseLogger - Copying 1 resource
2022-01-10 08:48:48,650 [Worker-18: Building] INFO  o.e.m.c.i.embedder.EclipseLogger - Copying 6 resources
2022-01-10 08:48:48,666 [Worker-18: Building] INFO  o.e.m.c.i.embedder.EclipseLogger - Using 'UTF-8' encoding to copy filtered resources.
2022-01-10 08:48:48,667 [Worker-18: Building] INFO  o.e.m.c.i.embedder.EclipseLogger - Using 'UTF-8' encoding to copy filtered properties files.
2022-01-10 08:48:48,667 [Worker-18: Building] INFO  o.e.m.c.i.embedder.EclipseLogger - skip non existing resourceDirectory E:\curso-angular-rest-spring-algaworks\projeto\back-and\algamoney-api\src\test\resources
2022-01-10 08:50:04,881 [main] INFO  o.e.m2e.actions.ExecutePomAction - Creating new launch configuration
2022-01-10 08:50:15,589 [Worker-19: Launching algamoney-api (19)] INFO  o.e.m.i.launch.MavenLaunchDelegate - E:\curso-angular-rest-spring-algaworks\projeto\back-and\algamoney-api
2022-01-10 08:50:15,590 [Worker-19: Launching algamoney-api (19)] INFO  o.e.m.i.launch.MavenLaunchDelegate -  mvn -B clean package -Dstyle.color=always
2022-01-10 08:50:51,666 [main] INFO  o.e.m2e.actions.ExecutePomAction - Creating new launch configuration
2022-01-10 08:50:59,686 [Worker-18: Launching algamoney-api (20)] INFO  o.e.m.i.launch.MavenLaunchDelegate - E:\curso-angular-rest-spring-algaworks\projeto\back-and\algamoney-api
2022-01-10 08:50:59,687 [Worker-18: Launching algamoney-api (20)] INFO  o.e.m.i.launch.MavenLaunchDelegate -  mvn -B clean package -Dstyle.color=always
2022-01-10 08:51:38,401 [Worker-17: Building] INFO  o.e.m.c.i.embedder.EclipseLogger - Using 'UTF-8' encoding to copy filtered resources.
2022-01-10 08:51:38,401 [Worker-17: Building] INFO  o.e.m.c.i.embedder.EclipseLogger - Using 'UTF-8' encoding to copy filtered properties files.
2022-01-10 08:51:38,403 [Worker-17: Building] INFO  o.e.m.c.i.embedder.EclipseLogger - Copying 1 resource
2022-01-10 08:51:38,856 [Worker-17: Building] INFO  o.e.m.c.i.embedder.EclipseLogger - Copying 6 resources
2022-01-10 08:51:38,871 [Worker-17: Building] INFO  o.e.m.c.i.embedder.EclipseLogger - Using 'UTF-8' encoding to copy filtered resources.
2022-01-10 08:51:38,871 [Worker-17: Building] INFO  o.e.m.c.i.embedder.EclipseLogger - Using 'UTF-8' encoding to copy filtered properties files.
2022-01-10 08:51:38,871 [Worker-17: Building] INFO  o.e.m.c.i.embedder.EclipseLogger - skip non existing resourceDirectory E:\curso-angular-rest-spring-algaworks\projeto\back-and\algamoney-api\src\test\resources
2022-01-10 09:42:07,682 [Worker-16: Building] INFO  o.e.m.c.i.embedder.EclipseLogger - Using 'UTF-8' encoding to copy filtered resources.
2022-01-10 09:42:07,694 [Worker-16: Building] INFO  o.e.m.c.i.embedder.EclipseLogger - Using 'UTF-8' encoding to copy filtered properties files.
2022-01-10 09:42:07,700 [Worker-16: Building] INFO  o.e.m.c.i.embedder.EclipseLogger - Copying 1 resource
2022-01-10 09:42:08,037 [Worker-16: Building] INFO  o.e.m.c.i.embedder.EclipseLogger - Copying 6 resources
2022-01-10 09:42:08,140 [Worker-16: Building] INFO  o.e.m.c.i.embedder.EclipseLogger - Using 'UTF-8' encoding to copy filtered resources.
2022-01-10 09:42:08,141 [Worker-16: Building] INFO  o.e.m.c.i.embedder.EclipseLogger - Using 'UTF-8' encoding to copy filtered properties files.
2022-01-10 09:42:08,153 [Worker-16: Building] INFO  o.e.m.c.i.embedder.EclipseLogger - skip non existing resourceDirectory E:\curso-angular-rest-spring-algaworks\projeto\back-and\algamoney-api\src\test\resources
2022-01-10 09:42:16,884 [Worker-24: Building] INFO  o.e.m.c.i.embedder.EclipseLogger - Using 'UTF-8' encoding to copy filtered resources.
2022-01-10 09:42:16,885 [Worker-24: Building] INFO  o.e.m.c.i.embedder.EclipseLogger - Using 'UTF-8' encoding to copy filtered properties files.
2022-01-10 09:42:16,887 [Worker-24: Building] INFO  o.e.m.c.i.embedder.EclipseLogger - Copying 1 resource
2022-01-10 09:42:16,974 [Worker-24: Building] INFO  o.e.m.c.i.embedder.EclipseLogger - Copying 6 resources
2022-01-10 09:42:16,993 [Worker-24: Building] INFO  o.e.m.c.i.embedder.EclipseLogger - Using 'UTF-8' encoding to copy filtered resources.
2022-01-10 09:42:16,993 [Worker-24: Building] INFO  o.e.m.c.i.embedder.EclipseLogger - Using 'UTF-8' encoding to copy filtered properties files.
2022-01-10 09:42:16,994 [Worker-24: Building] INFO  o.e.m.c.i.embedder.EclipseLogger - skip non existing resourceDirectory E:\curso-angular-rest-spring-algaworks\projeto\back-and\algamoney-api\src\test\resources
2022-01-10 09:42:52,301 [main] INFO  o.e.m2e.actions.ExecutePomAction - Creating new launch configuration
2022-01-10 09:43:01,999 [Worker-16: Launching algamoney-api (21)] INFO  o.e.m.i.launch.MavenLaunchDelegate - E:\curso-angular-rest-spring-algaworks\projeto\back-and\algamoney-api
2022-01-10 09:43:02,000 [Worker-16: Launching algamoney-api (21)] INFO  o.e.m.i.launch.MavenLaunchDelegate -  mvn -B clean package -Dstyle.color=always
2022-01-10 09:45:11,723 [Worker-22: Building] INFO  o.e.m.c.i.embedder.EclipseLogger - Using 'UTF-8' encoding to copy filtered resources.
2022-01-10 09:45:11,724 [Worker-22: Building] INFO  o.e.m.c.i.embedder.EclipseLogger - Using 'UTF-8' encoding to copy filtered properties files.
2022-01-10 09:45:11,731 [Worker-22: Building] INFO  o.e.m.c.i.embedder.EclipseLogger - Copying 1 resource
2022-01-10 09:45:12,035 [Worker-22: Building] INFO  o.e.m.c.i.embedder.EclipseLogger - Copying 6 resources
2022-01-10 09:45:12,149 [Worker-22: Building] INFO  o.e.m.c.i.embedder.EclipseLogger - Using 'UTF-8' encoding to copy filtered resources.
2022-01-10 09:45:12,150 [Worker-22: Building] INFO  o.e.m.c.i.embedder.EclipseLogger - Using 'UTF-8' encoding to copy filtered properties files.
2022-01-10 09:45:12,150 [Worker-22: Building] INFO  o.e.m.c.i.embedder.EclipseLogger - skip non existing resourceDirectory E:\curso-angular-rest-spring-algaworks\projeto\back-and\algamoney-api\src\test\resources
2022-01-10 10:43:40,296 [Worker-30: Building] INFO  o.e.m.c.i.embedder.EclipseLogger - Using 'UTF-8' encoding to copy filtered resources.
2022-01-10 10:43:40,305 [Worker-30: Building] INFO  o.e.m.c.i.embedder.EclipseLogger - Using 'UTF-8' encoding to copy filtered properties files.
2022-01-10 10:43:40,311 [Worker-30: Building] INFO  o.e.m.c.i.embedder.EclipseLogger - Copying 1 resource
2022-01-10 10:43:40,870 [Worker-30: Building] INFO  o.e.m.c.i.embedder.EclipseLogger - Copying 0 resource
2022-01-10 10:43:40,899 [Worker-30: Building] INFO  o.e.m.c.i.embedder.EclipseLogger - Using 'UTF-8' encoding to copy filtered resources.
2022-01-10 10:43:40,899 [Worker-30: Building] INFO  o.e.m.c.i.embedder.EclipseLogger - Using 'UTF-8' encoding to copy filtered properties files.
2022-01-10 10:43:40,900 [Worker-30: Building] INFO  o.e.m.c.i.embedder.EclipseLogger - skip non existing resourceDirectory E:\curso-angular-rest-spring-algaworks\projeto\back-and\algamoney-api\src\test\resources
2022-01-10 13:25:03,997 [main] INFO  o.e.m2e.actions.ExecutePomAction - Creating new launch configuration
2022-01-10 13:25:14,392 [Worker-56: Launching algamoney-api (22)] INFO  o.e.m.i.launch.MavenLaunchDelegate - E:\curso-angular-rest-spring-algaworks\projeto\back-and\algamoney-api
2022-01-10 13:25:14,393 [Worker-56: Launching algamoney-api (22)] INFO  o.e.m.i.launch.MavenLaunchDelegate -  mvn -B clean package -Dstyle.color=always
2022-01-10 13:27:42,415 [Worker-57: Building] INFO  o.e.m.c.i.embedder.EclipseLogger - Using 'UTF-8' encoding to copy filtered resources.
2022-01-10 13:27:42,415 [Worker-57: Building] INFO  o.e.m.c.i.embedder.EclipseLogger - Using 'UTF-8' encoding to copy filtered properties files.
2022-01-10 13:27:42,418 [Worker-57: Building] INFO  o.e.m.c.i.embedder.EclipseLogger - Copying 1 resource
2022-01-10 13:27:42,693 [Worker-57: Building] INFO  o.e.m.c.i.embedder.EclipseLogger - Copying 6 resources
2022-01-10 13:27:42,713 [Worker-57: Building] INFO  o.e.m.c.i.embedder.EclipseLogger - Using 'UTF-8' encoding to copy filtered resources.
2022-01-10 13:27:42,713 [Worker-57: Building] INFO  o.e.m.c.i.embedder.EclipseLogger - Using 'UTF-8' encoding to copy filtered properties files.
2022-01-10 13:27:42,714 [Worker-57: Building] INFO  o.e.m.c.i.embedder.EclipseLogger - skip non existing resourceDirectory E:\curso-angular-rest-spring-algaworks\projeto\back-and\algamoney-api\src\test\resources
2022-01-12 13:11:27,368 [Worker-2: Loading available Gradle versions] INFO  o.e.b.c.i.u.g.PublishedGradleVersions - Gradle version information cache is out-of-date. Trying to update.
2022-01-12 17:11:07,053 [Worker-1: Loading available Gradle versions] INFO  o.e.b.c.i.u.g.PublishedGradleVersions - Gradle version information cache is up-to-date. Trying to read.
2022-01-12 17:34:17,638 [main] INFO  o.e.m2e.actions.ExecutePomAction - Creating new launch configuration
2022-01-12 17:34:33,306 [Worker-4: Launching algamoney-api (23)] INFO  o.e.m.i.launch.MavenLaunchDelegate - E:\curso-angular-rest-spring-algaworks\projeto\back-and\algamoney-api
2022-01-12 17:34:33,309 [Worker-4: Launching algamoney-api (23)] INFO  o.e.m.i.launch.MavenLaunchDelegate -  mvn -B clean package -Dstyle.color=always
2022-01-12 17:35:57,955 [Worker-7: Building] INFO  o.e.m.c.i.embedder.EclipseLogger - Using 'UTF-8' encoding to copy filtered resources.
2022-01-12 17:35:57,956 [Worker-7: Building] INFO  o.e.m.c.i.embedder.EclipseLogger - Using 'UTF-8' encoding to copy filtered properties files.
2022-01-12 17:35:57,971 [Worker-7: Building] INFO  o.e.m.c.i.embedder.EclipseLogger - Copying 1 resource
2022-01-12 17:35:58,076 [Worker-7: Building] INFO  o.e.m.c.i.embedder.EclipseLogger - Copying 6 resources
2022-01-12 17:35:58,161 [Worker-7: Building] INFO  o.e.m.c.i.embedder.EclipseLogger - Using 'UTF-8' encoding to copy filtered resources.
2022-01-12 17:35:58,162 [Worker-7: Building] INFO  o.e.m.c.i.embedder.EclipseLogger - Using 'UTF-8' encoding to copy filtered properties files.
2022-01-12 17:35:58,162 [Worker-7: Building] INFO  o.e.m.c.i.embedder.EclipseLogger - skip non existing resourceDirectory E:\curso-angular-rest-spring-algaworks\projeto\back-and\algamoney-api\src\test\resources
2022-01-13 11:16:39,458 [Worker-2: Loading available Gradle versions] INFO  o.e.b.c.i.u.g.PublishedGradleVersions - Gradle version information cache is up-to-date. Trying to read.
2022-01-13 11:27:33,812 [main] INFO  o.e.m2e.actions.ExecutePomAction - Creating new launch configuration
2022-01-13 11:27:46,737 [Worker-10: Launching algamoney-api (24)] INFO  o.e.m.i.launch.MavenLaunchDelegate - E:\curso-angular-rest-spring-algaworks\projeto\back-and\algamoney-api
2022-01-13 11:27:46,745 [Worker-10: Launching algamoney-api (24)] INFO  o.e.m.i.launch.MavenLaunchDelegate -  mvn -B clean package -Dstyle.color=always
2022-01-13 13:14:22,638 [Worker-14: Building] INFO  o.e.m.c.i.l.LifecycleMappingFactory - Using org.eclipse.m2e.jdt.JarLifecycleMapping lifecycle mapping for MavenProject: com.algaworks.algamoney-api:algamoney-api:1.0.0-SNAPSHOT @ E:\curso-angular-rest-spring-algaworks\projeto\back-and\algamoney-api\pom.xml.
2022-01-13 13:14:27,686 [Worker-14: Building] WARN  o.e.m.c.i.embedder.EclipseLogger - The POM for com.sun.xml.bind:jaxb-core:jar:2.2.11 is invalid, transitive dependencies (if any) will not be available, enable debug logging for more details
2022-01-13 13:14:29,514 [Worker-15: Check for devtools] WARN  o.e.m.c.i.embedder.EclipseLogger - The POM for com.sun.xml.bind:jaxb-core:jar:2.2.11 is invalid, transitive dependencies (if any) will not be available, enable debug logging for more details
2022-01-13 13:14:29,540 [Worker-14: Building] INFO  o.e.m.c.i.e.AbstractTransferListenerAdapter - Downloading https://repo.maven.apache.org/maven2/com/sun/xml/bind/jaxb-impl/2.2.11/jaxb-impl-2.2.11.pom
2022-01-13 13:14:30,460 [Worker-15: Check for devtools] INFO  o.e.m.c.i.e.AbstractTransferListenerAdapter - Downloading https://repo.maven.apache.org/maven2/com/sun/xml/bind/jaxb-impl/2.2.11/jaxb-impl-2.2.11.pom
2022-01-13 13:14:30,922 [main] INFO  o.e.m2e.actions.ExecutePomAction - Creating new launch configuration
2022-01-13 13:14:31,349 [Worker-14: Building] INFO  o.e.m.c.i.e.AbstractTransferListenerAdapter - Downloaded https://repo.maven.apache.org/maven2/com/sun/xml/bind/jaxb-impl/2.2.11/jaxb-impl-2.2.11.pom
2022-01-13 13:14:31,378 [Worker-14: Building] WARN  o.e.m.c.i.embedder.EclipseLogger - The POM for com.sun.xml.bind:jaxb-impl:jar:2.2.11 is invalid, transitive dependencies (if any) will not be available, enable debug logging for more details
2022-01-13 13:14:31,419 [Worker-15: Check for devtools] INFO  o.e.m.c.i.e.AbstractTransferListenerAdapter - Downloaded https://repo.maven.apache.org/maven2/com/sun/xml/bind/jaxb-impl/2.2.11/jaxb-impl-2.2.11.pom
2022-01-13 13:14:31,445 [Worker-15: Check for devtools] WARN  o.e.m.c.i.embedder.EclipseLogger - The POM for com.sun.xml.bind:jaxb-impl:jar:2.2.11 is invalid, transitive dependencies (if any) will not be available, enable debug logging for more details
2022-01-13 13:14:31,557 [Worker-14: Building] INFO  o.e.m.c.i.e.AbstractTransferListenerAdapter - Downloading https://repo.maven.apache.org/maven2/javax/activation/activation/1.1.1/activation-1.1.1.pom
2022-01-13 13:14:31,629 [Worker-15: Check for devtools] INFO  o.e.m.c.i.e.AbstractTransferListenerAdapter - Downloading https://repo.maven.apache.org/maven2/javax/activation/activation/1.1.1/activation-1.1.1.pom
2022-01-13 13:14:32,592 [Worker-14: Building] INFO  o.e.m.c.i.e.AbstractTransferListenerAdapter - Downloaded https://repo.maven.apache.org/maven2/javax/activation/activation/1.1.1/activation-1.1.1.pom
2022-01-13 13:14:32,601 [Worker-15: Check for devtools] INFO  o.e.m.c.i.e.AbstractTransferListenerAdapter - Downloaded https://repo.maven.apache.org/maven2/javax/activation/activation/1.1.1/activation-1.1.1.pom
2022-01-13 13:14:33,587 [AetherRepositoryConnector-repo.maven.apache.org-0-0] INFO  o.e.m.c.i.e.AbstractTransferListenerAdapter - Downloading https://repo.maven.apache.org/maven2/javax/xml/bind/jaxb-api/2.2.12/jaxb-api-2.2.12.jar
2022-01-13 13:14:33,618 [AetherRepositoryConnector-repo.maven.apache.org-1-0] INFO  o.e.m.c.i.e.AbstractTransferListenerAdapter - Downloading https://repo.maven.apache.org/maven2/javax/xml/bind/jaxb-api/2.2.12/jaxb-api-2.2.12.jar
2022-01-13 13:14:33,754 [AetherRepositoryConnector-repo.maven.apache.org-0-3] INFO  o.e.m.c.i.e.AbstractTransferListenerAdapter - Downloading https://repo.maven.apache.org/maven2/javax/activation/activation/1.1.1/activation-1.1.1.jar
2022-01-13 13:14:33,757 [AetherRepositoryConnector-repo.maven.apache.org-0-1] INFO  o.e.m.c.i.e.AbstractTransferListenerAdapter - Downloading https://repo.maven.apache.org/maven2/com/sun/xml/bind/jaxb-core/2.2.11/jaxb-core-2.2.11.jar
2022-01-13 13:14:33,817 [AetherRepositoryConnector-repo.maven.apache.org-1-3] INFO  o.e.m.c.i.e.AbstractTransferListenerAdapter - Downloading https://repo.maven.apache.org/maven2/javax/activation/activation/1.1.1/activation-1.1.1.jar
2022-01-13 13:14:33,852 [AetherRepositoryConnector-repo.maven.apache.org-1-1] INFO  o.e.m.c.i.e.AbstractTransferListenerAdapter - Downloading https://repo.maven.apache.org/maven2/com/sun/xml/bind/jaxb-core/2.2.11/jaxb-core-2.2.11.jar
2022-01-13 13:14:33,856 [AetherRepositoryConnector-repo.maven.apache.org-1-2] INFO  o.e.m.c.i.e.AbstractTransferListenerAdapter - Downloading https://repo.maven.apache.org/maven2/com/sun/xml/bind/jaxb-impl/2.2.11/jaxb-impl-2.2.11.jar
2022-01-13 13:14:34,034 [AetherRepositoryConnector-repo.maven.apache.org-0-2] INFO  o.e.m.c.i.e.AbstractTransferListenerAdapter - Downloading https://repo.maven.apache.org/maven2/com/sun/xml/bind/jaxb-impl/2.2.11/jaxb-impl-2.2.11.jar
2022-01-13 13:14:34,805 [AetherRepositoryConnector-repo.maven.apache.org-0-1] INFO  o.e.m.c.i.e.AbstractTransferListenerAdapter - Downloaded https://repo.maven.apache.org/maven2/com/sun/xml/bind/jaxb-core/2.2.11/jaxb-core-2.2.11.jar
2022-01-13 13:14:34,814 [AetherRepositoryConnector-repo.maven.apache.org-1-1] INFO  o.e.m.c.i.e.AbstractTransferListenerAdapter - Downloaded https://repo.maven.apache.org/maven2/com/sun/xml/bind/jaxb-core/2.2.11/jaxb-core-2.2.11.jar
2022-01-13 13:14:34,970 [AetherRepositoryConnector-repo.maven.apache.org-0-3] INFO  o.e.m.c.i.e.AbstractTransferListenerAdapter - Downloaded https://repo.maven.apache.org/maven2/javax/activation/activation/1.1.1/activation-1.1.1.jar
2022-01-13 13:14:37,537 [AetherRepositoryConnector-repo.maven.apache.org-1-0] INFO  o.e.m.c.i.e.AbstractTransferListenerAdapter - Downloaded https://repo.maven.apache.org/maven2/javax/xml/bind/jaxb-api/2.2.12/jaxb-api-2.2.12.jar
2022-01-13 13:14:39,314 [AetherRepositoryConnector-repo.maven.apache.org-0-0] INFO  o.e.m.c.i.e.AbstractTransferListenerAdapter - Downloaded https://repo.maven.apache.org/maven2/javax/xml/bind/jaxb-api/2.2.12/jaxb-api-2.2.12.jar
2022-01-13 13:14:39,365 [AetherRepositoryConnector-repo.maven.apache.org-1-3] INFO  o.e.m.c.i.e.AbstractTransferListenerAdapter - Downloaded https://repo.maven.apache.org/maven2/javax/activation/activation/1.1.1/activation-1.1.1.jar
2022-01-13 13:14:39,378 [AetherRepositoryConnector-repo.maven.apache.org-0-2] INFO  o.e.m.c.i.e.AbstractTransferListenerAdapter - Downloaded https://repo.maven.apache.org/maven2/com/sun/xml/bind/jaxb-impl/2.2.11/jaxb-impl-2.2.11.jar
2022-01-13 13:14:39,909 [AetherRepositoryConnector-repo.maven.apache.org-1-2] INFO  o.e.m.c.i.e.AbstractTransferListenerAdapter - Downloaded https://repo.maven.apache.org/maven2/com/sun/xml/bind/jaxb-impl/2.2.11/jaxb-impl-2.2.11.jar
2022-01-13 13:14:53,913 [Worker-14: Building] INFO  o.e.m.c.i.embedder.EclipseLogger - Using 'UTF-8' encoding to copy filtered resources.
2022-01-13 13:14:53,913 [Worker-14: Building] INFO  o.e.m.c.i.embedder.EclipseLogger - Using 'UTF-8' encoding to copy filtered properties files.
2022-01-13 13:14:53,930 [Worker-14: Building] INFO  o.e.m.c.i.embedder.EclipseLogger - Copying 1 resource
2022-01-13 13:14:55,199 [Worker-14: Building] INFO  o.e.m.c.i.embedder.EclipseLogger - Copying 6 resources
2022-01-13 13:14:55,306 [Worker-14: Building] INFO  o.e.m.c.i.embedder.EclipseLogger - Using 'UTF-8' encoding to copy filtered resources.
2022-01-13 13:14:55,307 [Worker-14: Building] INFO  o.e.m.c.i.embedder.EclipseLogger - Using 'UTF-8' encoding to copy filtered properties files.
2022-01-13 13:14:55,307 [Worker-14: Building] INFO  o.e.m.c.i.embedder.EclipseLogger - skip non existing resourceDirectory E:\curso-angular-rest-spring-algaworks\projeto\back-and\algamoney-api\src\test\resources
2022-01-13 13:14:57,521 [Worker-18: Download sources and javadoc] WARN  o.e.m.c.i.embedder.EclipseLogger - The POM for com.sun.xml.bind:jaxb-core:jar:2.2.11 is invalid, transitive dependencies (if any) will not be available, enable debug logging for more details
2022-01-13 13:14:57,536 [Worker-18: Download sources and javadoc] WARN  o.e.m.c.i.embedder.EclipseLogger - The POM for com.sun.xml.bind:jaxb-impl:jar:2.2.11 is invalid, transitive dependencies (if any) will not be available, enable debug logging for more details
2022-01-13 13:14:58,271 [Worker-12: Launching algamoney-api (25)] INFO  o.e.m.i.launch.MavenLaunchDelegate - E:\curso-angular-rest-spring-algaworks\projeto\back-and\algamoney-api
2022-01-13 13:14:58,272 [Worker-12: Launching algamoney-api (25)] INFO  o.e.m.i.launch.MavenLaunchDelegate -  mvn -B clean package -Dstyle.color=always
2022-01-13 13:14:58,956 [Worker-18: Download sources and javadoc] INFO  o.e.m.c.i.e.AbstractTransferListenerAdapter - Downloading https://repo.maven.apache.org/maven2/javax/xml/bind/jaxb-api/2.2.12/jaxb-api-2.2.12-sources.jar
2022-01-13 13:15:03,780 [Worker-18: Download sources and javadoc] INFO  o.e.m.c.i.e.AbstractTransferListenerAdapter - Downloaded https://repo.maven.apache.org/maven2/javax/xml/bind/jaxb-api/2.2.12/jaxb-api-2.2.12-sources.jar
2022-01-13 13:15:06,871 [Worker-18: Download sources and javadoc] INFO  o.e.m.j.internal.DownloadSourcesJob - Downloaded sources for javax.xml.bind:jaxb-api:2.2.12
2022-01-13 13:15:07,626 [Worker-18: Download sources and javadoc] INFO  o.e.m.c.i.e.AbstractTransferListenerAdapter - Downloading https://repo.maven.apache.org/maven2/com/sun/xml/bind/jaxb-core/2.2.11/jaxb-core-2.2.11-sources.jar
2022-01-13 13:15:10,025 [Worker-18: Download sources and javadoc] INFO  o.e.m.c.i.e.AbstractTransferListenerAdapter - Downloaded https://repo.maven.apache.org/maven2/com/sun/xml/bind/jaxb-core/2.2.11/jaxb-core-2.2.11-sources.jar
2022-01-13 13:15:13,410 [Worker-18: Download sources and javadoc] INFO  o.e.m.j.internal.DownloadSourcesJob - Downloaded sources for com.sun.xml.bind:jaxb-core:2.2.11
2022-01-13 13:15:14,564 [Worker-18: Download sources and javadoc] INFO  o.e.m.c.i.e.AbstractTransferListenerAdapter - Downloading https://repo.maven.apache.org/maven2/com/sun/xml/bind/jaxb-impl/2.2.11/jaxb-impl-2.2.11-sources.jar
2022-01-13 13:15:15,806 [Worker-18: Download sources and javadoc] INFO  o.e.m.c.i.e.AbstractTransferListenerAdapter - Downloaded https://repo.maven.apache.org/maven2/com/sun/xml/bind/jaxb-impl/2.2.11/jaxb-impl-2.2.11-sources.jar
2022-01-13 13:15:17,950 [Worker-18: Download sources and javadoc] INFO  o.e.m.j.internal.DownloadSourcesJob - Downloaded sources for com.sun.xml.bind:jaxb-impl:2.2.11
2022-01-13 13:15:18,950 [Worker-18: Download sources and javadoc] INFO  o.e.m.c.i.e.AbstractTransferListenerAdapter - Downloading https://repo.maven.apache.org/maven2/javax/activation/activation/1.1.1/activation-1.1.1-sources.jar
2022-01-13 13:15:21,683 [Worker-18: Download sources and javadoc] INFO  o.e.m.c.i.e.AbstractTransferListenerAdapter - Downloaded https://repo.maven.apache.org/maven2/javax/activation/activation/1.1.1/activation-1.1.1-sources.jar
2022-01-13 13:15:26,084 [Worker-18: Download sources and javadoc] INFO  o.e.m.j.internal.DownloadSourcesJob - Downloaded sources for javax.activation:activation:1.1.1
2022-01-13 13:15:45,391 [Worker-12: Building] INFO  o.e.m.c.i.embedder.EclipseLogger - Using 'UTF-8' encoding to copy filtered resources.
2022-01-13 13:15:45,392 [Worker-12: Building] INFO  o.e.m.c.i.embedder.EclipseLogger - Using 'UTF-8' encoding to copy filtered properties files.
2022-01-13 13:15:45,401 [Worker-12: Building] INFO  o.e.m.c.i.embedder.EclipseLogger - Copying 1 resource
2022-01-13 13:15:45,684 [Worker-12: Building] INFO  o.e.m.c.i.embedder.EclipseLogger - Copying 6 resources
2022-01-13 13:15:46,220 [Worker-12: Building] INFO  o.e.m.c.i.embedder.EclipseLogger - Using 'UTF-8' encoding to copy filtered resources.
2022-01-13 13:15:46,221 [Worker-12: Building] INFO  o.e.m.c.i.embedder.EclipseLogger - Using 'UTF-8' encoding to copy filtered properties files.
2022-01-13 13:15:46,221 [Worker-12: Building] INFO  o.e.m.c.i.embedder.EclipseLogger - skip non existing resourceDirectory E:\curso-angular-rest-spring-algaworks\projeto\back-and\algamoney-api\src\test\resources
2022-01-13 13:17:04,367 [Worker-12: Building] INFO  o.e.m.c.i.embedder.EclipseLogger - Using 'UTF-8' encoding to copy filtered resources.
2022-01-13 13:17:04,368 [Worker-12: Building] INFO  o.e.m.c.i.embedder.EclipseLogger - Using 'UTF-8' encoding to copy filtered properties files.
2022-01-13 13:17:04,387 [Worker-12: Building] INFO  o.e.m.c.i.embedder.EclipseLogger - Copying 1 resource
2022-01-13 13:17:04,488 [Worker-12: Building] INFO  o.e.m.c.i.embedder.EclipseLogger - Copying 6 resources
2022-01-13 13:17:04,572 [Worker-12: Building] INFO  o.e.m.c.i.embedder.EclipseLogger - Using 'UTF-8' encoding to copy filtered resources.
2022-01-13 13:17:04,573 [Worker-12: Building] INFO  o.e.m.c.i.embedder.EclipseLogger - Using 'UTF-8' encoding to copy filtered properties files.
2022-01-13 13:17:04,574 [Worker-12: Building] INFO  o.e.m.c.i.embedder.EclipseLogger - skip non existing resourceDirectory E:\curso-angular-rest-spring-algaworks\projeto\back-and\algamoney-api\src\test\resources
2022-01-13 16:56:21,683 [main] INFO  o.e.m2e.actions.ExecutePomAction - Creating new launch configuration
2022-01-13 16:56:33,485 [Worker-25: Launching algamoney-api (26)] INFO  o.e.m.i.launch.MavenLaunchDelegate - E:\curso-angular-rest-spring-algaworks\projeto\back-and\algamoney-api
2022-01-13 16:56:33,487 [Worker-25: Launching algamoney-api (26)] INFO  o.e.m.i.launch.MavenLaunchDelegate -  mvn -B clean package -Dstyle.color=always
2022-01-14 11:48:00,628 [Worker-2: Loading available Gradle versions] INFO  o.e.b.c.i.u.g.PublishedGradleVersions - Gradle version information cache is out-of-date. Trying to update.
2022-01-14 11:48:51,153 [Worker-5: reload maven project] WARN  o.e.m.c.i.embedder.EclipseLogger - The POM for com.sun.xml.bind:jaxb-core:jar:2.2.11 is invalid, transitive dependencies (if any) will not be available, enable debug logging for more details
2022-01-14 11:48:51,179 [Worker-5: reload maven project] WARN  o.e.m.c.i.embedder.EclipseLogger - The POM for com.sun.xml.bind:jaxb-impl:jar:2.2.11 is invalid, transitive dependencies (if any) will not be available, enable debug logging for more details
2022-01-14 11:49:43,866 [Worker-10: Building] INFO  o.e.m.c.i.embedder.EclipseLogger - Using 'UTF-8' encoding to copy filtered resources.
2022-01-14 11:49:43,869 [Worker-10: Building] INFO  o.e.m.c.i.embedder.EclipseLogger - Using 'UTF-8' encoding to copy filtered properties files.
2022-01-14 11:49:43,911 [Worker-10: Building] INFO  o.e.m.c.i.embedder.EclipseLogger - Copying 1 resource
2022-01-14 11:49:44,045 [Worker-10: Building] INFO  o.e.m.c.i.embedder.EclipseLogger - Copying 6 resources
2022-01-14 11:49:44,303 [Worker-10: Building] INFO  o.e.m.c.i.embedder.EclipseLogger - Using 'UTF-8' encoding to copy filtered resources.
2022-01-14 11:49:44,303 [Worker-10: Building] INFO  o.e.m.c.i.embedder.EclipseLogger - Using 'UTF-8' encoding to copy filtered properties files.
2022-01-14 11:49:44,304 [Worker-10: Building] INFO  o.e.m.c.i.embedder.EclipseLogger - skip non existing resourceDirectory E:\curso-angular-rest-spring-algaworks\projeto\back-and\algamoney-api\src\test\resources
2022-01-14 16:34:26,737 [Worker-28: Building] INFO  o.e.m.c.i.embedder.EclipseLogger - Using 'UTF-8' encoding to copy filtered resources.
2022-01-14 16:34:26,754 [Worker-28: Building] INFO  o.e.m.c.i.embedder.EclipseLogger - Using 'UTF-8' encoding to copy filtered properties files.
2022-01-14 16:34:26,771 [Worker-28: Building] INFO  o.e.m.c.i.embedder.EclipseLogger - Copying 1 resource
2022-01-14 16:34:27,004 [Worker-28: Building] INFO  o.e.m.c.i.embedder.EclipseLogger - Copying 0 resource
2022-01-14 16:34:27,058 [Worker-28: Building] INFO  o.e.m.c.i.embedder.EclipseLogger - Using 'UTF-8' encoding to copy filtered resources.
2022-01-14 16:34:27,058 [Worker-28: Building] INFO  o.e.m.c.i.embedder.EclipseLogger - Using 'UTF-8' encoding to copy filtered properties files.
2022-01-14 16:34:27,059 [Worker-28: Building] INFO  o.e.m.c.i.embedder.EclipseLogger - skip non existing resourceDirectory E:\curso-angular-rest-spring-algaworks\projeto\back-and\algamoney-api\src\test\resources
2022-01-14 16:35:37,297 [main] INFO  o.e.m2e.actions.ExecutePomAction - Creating new launch configuration
2022-01-14 16:35:48,890 [Worker-29: Launching algamoney-api (27)] INFO  o.e.m.i.launch.MavenLaunchDelegate - E:\curso-angular-rest-spring-algaworks\projeto\back-and\algamoney-api
2022-01-14 16:35:48,898 [Worker-29: Launching algamoney-api (27)] INFO  o.e.m.i.launch.MavenLaunchDelegate -  mvn -B clean package -Dstyle.color=always
2022-01-14 16:36:35,632 [main] INFO  o.e.m2e.actions.ExecutePomAction - Creating new launch configuration
2022-01-14 16:36:44,433 [Worker-28: Launching algamoney-api (28)] INFO  o.e.m.i.launch.MavenLaunchDelegate - E:\curso-angular-rest-spring-algaworks\projeto\back-and\algamoney-api
2022-01-14 16:36:44,434 [Worker-28: Launching algamoney-api (28)] INFO  o.e.m.i.launch.MavenLaunchDelegate -  mvn -B clean package -Dstyle.color=always
2022-01-14 16:37:30,807 [main] INFO  o.e.m2e.actions.ExecutePomAction - Creating new launch configuration
2022-01-14 16:38:21,989 [Worker-29: Launching algamoney-api (29)] INFO  o.e.m.i.launch.MavenLaunchDelegate - E:\curso-angular-rest-spring-algaworks\projeto\back-and\algamoney-api
2022-01-14 16:38:21,990 [Worker-29: Launching algamoney-api (29)] INFO  o.e.m.i.launch.MavenLaunchDelegate -  mvn -B clean package -Dstyle.color=always
2022-01-14 16:39:12,882 [Worker-30: Building] INFO  o.e.m.c.i.embedder.EclipseLogger - Using 'UTF-8' encoding to copy filtered resources.
2022-01-14 16:39:12,883 [Worker-30: Building] INFO  o.e.m.c.i.embedder.EclipseLogger - Using 'UTF-8' encoding to copy filtered properties files.
2022-01-14 16:39:12,896 [Worker-30: Building] INFO  o.e.m.c.i.embedder.EclipseLogger - Copying 1 resource
2022-01-14 16:39:12,966 [Worker-30: Building] INFO  o.e.m.c.i.embedder.EclipseLogger - Copying 6 resources
2022-01-14 16:39:13,016 [Worker-30: Building] INFO  o.e.m.c.i.embedder.EclipseLogger - Using 'UTF-8' encoding to copy filtered resources.
2022-01-14 16:39:13,017 [Worker-30: Building] INFO  o.e.m.c.i.embedder.EclipseLogger - Using 'UTF-8' encoding to copy filtered properties files.
2022-01-14 16:39:13,018 [Worker-30: Building] INFO  o.e.m.c.i.embedder.EclipseLogger - skip non existing resourceDirectory E:\curso-angular-rest-spring-algaworks\projeto\back-and\algamoney-api\src\test\resources
2022-01-15 14:46:40,372 [Worker-4: Loading available Gradle versions] INFO  o.e.b.c.i.u.g.PublishedGradleVersions - Gradle version information cache is out-of-date. Trying to update.
2022-01-15 14:56:04,705 [Worker-2: reload maven project] WARN  o.e.m.c.i.embedder.EclipseLogger - The POM for com.sun.xml.bind:jaxb-core:jar:2.2.11 is invalid, transitive dependencies (if any) will not be available, enable debug logging for more details
2022-01-15 14:56:04,811 [Worker-2: reload maven project] WARN  o.e.m.c.i.embedder.EclipseLogger - The POM for com.sun.xml.bind:jaxb-impl:jar:2.2.11 is invalid, transitive dependencies (if any) will not be available, enable debug logging for more details
2022-01-15 14:56:49,152 [Worker-9: Building] INFO  o.e.m.c.i.embedder.EclipseLogger - Using 'UTF-8' encoding to copy filtered resources.
2022-01-15 14:56:49,154 [Worker-9: Building] INFO  o.e.m.c.i.embedder.EclipseLogger - Using 'UTF-8' encoding to copy filtered properties files.
2022-01-15 14:56:49,298 [Worker-9: Building] INFO  o.e.m.c.i.embedder.EclipseLogger - Copying 1 resource
2022-01-15 14:56:49,921 [Worker-9: Building] INFO  o.e.m.c.i.embedder.EclipseLogger - Copying 6 resources
2022-01-15 14:56:50,082 [Worker-9: Building] INFO  o.e.m.c.i.embedder.EclipseLogger - Using 'UTF-8' encoding to copy filtered resources.
2022-01-15 14:56:50,083 [Worker-9: Building] INFO  o.e.m.c.i.embedder.EclipseLogger - Using 'UTF-8' encoding to copy filtered properties files.
2022-01-15 14:56:50,083 [Worker-9: Building] INFO  o.e.m.c.i.embedder.EclipseLogger - skip non existing resourceDirectory E:\curso-angular-rest-spring-algaworks\projeto\back-and\algamoney-api\src\test\resources
2022-01-15 14:57:13,373 [main] INFO  o.e.m2e.actions.ExecutePomAction - Creating new launch configuration
2022-01-15 14:57:26,381 [Worker-2: Launching algamoney-api (30)] INFO  o.e.m.i.launch.MavenLaunchDelegate - E:\curso-angular-rest-spring-algaworks\projeto\back-and\algamoney-api
2022-01-15 14:57:26,409 [Worker-2: Launching algamoney-api (30)] INFO  o.e.m.i.launch.MavenLaunchDelegate -  mvn -B clean package -Dstyle.color=always
2022-01-15 15:01:19,235 [Worker-7: Building] INFO  o.e.m.c.i.embedder.EclipseLogger - Using 'UTF-8' encoding to copy filtered resources.
2022-01-15 15:01:19,236 [Worker-7: Building] INFO  o.e.m.c.i.embedder.EclipseLogger - Using 'UTF-8' encoding to copy filtered properties files.
2022-01-15 15:01:19,260 [Worker-7: Building] INFO  o.e.m.c.i.embedder.EclipseLogger - Copying 1 resource
2022-01-15 15:01:20,562 [Worker-7: Building] INFO  o.e.m.c.i.embedder.EclipseLogger - Copying 6 resources
2022-01-15 15:01:20,625 [Worker-7: Building] INFO  o.e.m.c.i.embedder.EclipseLogger - Using 'UTF-8' encoding to copy filtered resources.
2022-01-15 15:01:20,625 [Worker-7: Building] INFO  o.e.m.c.i.embedder.EclipseLogger - Using 'UTF-8' encoding to copy filtered properties files.
2022-01-15 15:01:20,626 [Worker-7: Building] INFO  o.e.m.c.i.embedder.EclipseLogger - skip non existing resourceDirectory E:\curso-angular-rest-spring-algaworks\projeto\back-and\algamoney-api\src\test\resources
2022-01-15 15:46:42,383 [Worker-16: Building] INFO  o.e.m.c.i.embedder.EclipseLogger - Using 'UTF-8' encoding to copy filtered resources.
2022-01-15 15:46:42,422 [Worker-16: Building] INFO  o.e.m.c.i.embedder.EclipseLogger - Using 'UTF-8' encoding to copy filtered properties files.
2022-01-15 15:46:42,447 [Worker-16: Building] INFO  o.e.m.c.i.embedder.EclipseLogger - Copying 1 resource
2022-01-15 15:46:42,745 [Worker-16: Building] INFO  o.e.m.c.i.embedder.EclipseLogger - Copying 6 resources
2022-01-15 15:46:42,823 [Worker-16: Building] INFO  o.e.m.c.i.embedder.EclipseLogger - Using 'UTF-8' encoding to copy filtered resources.
2022-01-15 15:46:42,824 [Worker-16: Building] INFO  o.e.m.c.i.embedder.EclipseLogger - Using 'UTF-8' encoding to copy filtered properties files.
2022-01-15 15:46:42,826 [Worker-16: Building] INFO  o.e.m.c.i.embedder.EclipseLogger - skip non existing resourceDirectory E:\curso-angular-rest-spring-algaworks\projeto\back-and\algamoney-api\src\test\resources
2022-01-15 16:05:02,171 [main] INFO  o.e.m2e.actions.ExecutePomAction - Creating new launch configuration
2022-01-15 16:05:14,265 [Worker-15: Launching algamoney-api (31)] INFO  o.e.m.i.launch.MavenLaunchDelegate - E:\curso-angular-rest-spring-algaworks\projeto\back-and\algamoney-api
2022-01-15 16:05:14,319 [Worker-15: Launching algamoney-api (31)] INFO  o.e.m.i.launch.MavenLaunchDelegate -  mvn -B clean package -Dstyle.color=always
2022-01-15 16:06:07,786 [main] INFO  o.e.m2e.actions.ExecutePomAction - Creating new launch configuration
2022-01-15 16:06:18,229 [Worker-17: Launching algamoney-api (32)] INFO  o.e.m.i.launch.MavenLaunchDelegate - E:\curso-angular-rest-spring-algaworks\projeto\back-and\algamoney-api
2022-01-15 16:06:18,232 [Worker-17: Launching algamoney-api (32)] INFO  o.e.m.i.launch.MavenLaunchDelegate -  mvn -B clean package -Dstyle.color=always
2022-01-15 16:07:13,547 [Worker-17: Building] INFO  o.e.m.c.i.embedder.EclipseLogger - Using 'UTF-8' encoding to copy filtered resources.
2022-01-15 16:07:13,548 [Worker-17: Building] INFO  o.e.m.c.i.embedder.EclipseLogger - Using 'UTF-8' encoding to copy filtered properties files.
2022-01-15 16:07:13,553 [Worker-17: Building] INFO  o.e.m.c.i.embedder.EclipseLogger - Copying 1 resource
2022-01-15 16:07:14,231 [Worker-17: Building] INFO  o.e.m.c.i.embedder.EclipseLogger - Copying 6 resources
2022-01-15 16:07:15,100 [Worker-17: Building] INFO  o.e.m.c.i.embedder.EclipseLogger - Using 'UTF-8' encoding to copy filtered resources.
2022-01-15 16:07:15,100 [Worker-17: Building] INFO  o.e.m.c.i.embedder.EclipseLogger - Using 'UTF-8' encoding to copy filtered properties files.
2022-01-15 16:07:15,101 [Worker-17: Building] INFO  o.e.m.c.i.embedder.EclipseLogger - skip non existing resourceDirectory E:\curso-angular-rest-spring-algaworks\projeto\back-and\algamoney-api\src\test\resources
2022-01-15 16:07:50,032 [Worker-21: Building] INFO  o.e.m.c.i.embedder.EclipseLogger - Using 'UTF-8' encoding to copy filtered resources.
2022-01-15 16:07:50,033 [Worker-21: Building] INFO  o.e.m.c.i.embedder.EclipseLogger - Using 'UTF-8' encoding to copy filtered properties files.
2022-01-15 16:07:50,035 [Worker-21: Building] INFO  o.e.m.c.i.embedder.EclipseLogger - Copying 1 resource
2022-01-15 16:07:50,188 [Worker-21: Building] INFO  o.e.m.c.i.embedder.EclipseLogger - Copying 6 resources
2022-01-15 16:07:50,230 [Worker-21: Building] INFO  o.e.m.c.i.embedder.EclipseLogger - Using 'UTF-8' encoding to copy filtered resources.
2022-01-15 16:07:50,231 [Worker-21: Building] INFO  o.e.m.c.i.embedder.EclipseLogger - Using 'UTF-8' encoding to copy filtered properties files.
2022-01-15 16:07:50,232 [Worker-21: Building] INFO  o.e.m.c.i.embedder.EclipseLogger - skip non existing resourceDirectory E:\curso-angular-rest-spring-algaworks\projeto\back-and\algamoney-api\src\test\resources
2022-01-17 13:36:23,812 [Worker-2: Loading available Gradle versions] INFO  o.e.b.c.i.u.g.PublishedGradleVersions - Gradle version information cache is out-of-date. Trying to update.
2022-01-24 08:57:33,852 [Worker-2: Loading available Gradle versions] INFO  o.e.b.c.i.u.g.PublishedGradleVersions - Gradle version information cache is out-of-date. Trying to update.
2022-01-24 09:02:46,978 [Worker-4: Check for devtools] WARN  o.e.m.c.i.embedder.EclipseLogger - The POM for com.sun.xml.bind:jaxb-core:jar:2.2.11 is invalid, transitive dependencies (if any) will not be available, enable debug logging for more details
2022-01-24 09:02:47,055 [Worker-4: Check for devtools] WARN  o.e.m.c.i.embedder.EclipseLogger - The POM for com.sun.xml.bind:jaxb-impl:jar:2.2.11 is invalid, transitive dependencies (if any) will not be available, enable debug logging for more details
2022-01-24 09:02:53,034 [main] INFO  o.e.m2e.actions.ExecutePomAction - Creating new launch configuration
2022-01-24 09:03:04,946 [Worker-6: Launching algamoney-api (33)] INFO  o.e.m.i.launch.MavenLaunchDelegate - E:\curso-angular-rest-spring-algaworks\projeto\back-and\algamoney-api
2022-01-24 09:03:04,948 [Worker-6: Launching algamoney-api (33)] INFO  o.e.m.i.launch.MavenLaunchDelegate -  mvn -B clean package -Dstyle.color=always
2022-01-24 09:04:15,111 [Worker-10: Building] INFO  o.e.m.c.i.embedder.EclipseLogger - Using 'UTF-8' encoding to copy filtered resources.
2022-01-24 09:04:15,112 [Worker-10: Building] INFO  o.e.m.c.i.embedder.EclipseLogger - Using 'UTF-8' encoding to copy filtered properties files.
2022-01-24 09:04:15,129 [Worker-10: Building] INFO  o.e.m.c.i.embedder.EclipseLogger - Copying 1 resource
2022-01-24 09:04:15,270 [Worker-10: Building] INFO  o.e.m.c.i.embedder.EclipseLogger - Copying 6 resources
2022-01-24 09:04:15,394 [Worker-10: Building] INFO  o.e.m.c.i.embedder.EclipseLogger - Using 'UTF-8' encoding to copy filtered resources.
2022-01-24 09:04:15,395 [Worker-10: Building] INFO  o.e.m.c.i.embedder.EclipseLogger - Using 'UTF-8' encoding to copy filtered properties files.
2022-01-24 09:04:15,395 [Worker-10: Building] INFO  o.e.m.c.i.embedder.EclipseLogger - skip non existing resourceDirectory E:\curso-angular-rest-spring-algaworks\projeto\back-and\algamoney-api\src\test\resources
2022-01-24 11:24:45,460 [Worker-1: Loading available Gradle versions] INFO  o.e.b.c.i.u.g.PublishedGradleVersions - Gradle version information cache is up-to-date. Trying to read.
